
R version 4.2.1 (2022-06-23) -- "Funny-Looking Kid"
Copyright (C) 2022 The R Foundation for Statistical Computing
Platform: aarch64-apple-darwin20 (64-bit)

R is free software and comes with ABSOLUTELY NO WARRANTY.
You are welcome to redistribute it under certain conditions.
Type 'license()' or 'licence()' for distribution details.

  Natural language support but running in an English locale

R is a collaborative project with many contributors.
Type 'contributors()' for more information and
'citation()' on how to cite R or R packages in publications.

Type 'demo()' for some demos, 'help()' for on-line help, or
'help.start()' for an HTML browser interface to help.
Type 'q()' to quit R.

> ver_mjr = R.Version()$major
> ver_mnr = unlist(strsplit(R.Version()$minor,"\\."))[1]
> lpath = sprintf("~/AppData/Local/R/win-library/%s.%s",ver_mjr,ver_mnr)
> rversion = R.Version()
> platform = Sys.info()['sysname']
> print(sprintf("R version %s.%s running on %s",ver_mjr,ver_mnr,platform))
[1] "R version 4.2 running on Darwin"
> if(platform == "Windows") {
+    if(!file.exists(lpath)) {
+      dir.create(lpath,recursive=TRUE)
+    }
+    libpath <- c(lpath)
+   .libPaths(libpath)
+ }
> 
> source('custom.R')
> 
> load.libraries(c('emmeans','sciplot','ez','psych','reshape','plyr','ggplot2','afex','dplyr','pastecs'),libpath)
[1] "Loaded packages: "
 [1] "pastecs"   "dplyr"     "afex"      "lme4"      "Matrix"    "ggplot2"  
 [7] "plyr"      "reshape"   "psych"     "ez"        "sciplot"   "emmeans"  
[13] "stats"     "graphics"  "grDevices" "utils"     "datasets"  "methods"  
[19] "base"     
> 
> pdf.options(family="NimbusSan", useDingbats=FALSE)
> 
> source("tmcustom.R") 
> source("lrheatmap.R") 
> source("TMSP.R") 
[1] "Loaded packages: "
 [1] "lattice"      "car"          "carData"      "gmodels"      "entropy"     
 [6] "colorspace"   "RColorBrewer" "pastecs"      "dplyr"        "afex"        
[11] "lme4"         "Matrix"       "ggplot2"      "plyr"         "reshape"     
[16] "psych"        "ez"           "sciplot"      "emmeans"      "stats"       
[21] "graphics"     "grDevices"    "utils"        "datasets"     "methods"     
[26] "base"        
> 
> args <- commandArgs(trailingOnly = TRUE)
> #print(args)
> 
> naois <- as.integer(args[1])
> print(sprintf("naois = %d\n",naois))
[1] "naois = 6\n"
> 
> df <- read.csv("fxtn-aois.csv")
> 
> # ------------------------------------------------------------------------
> # main analyses
> 
> M <- zeroTM(naois)
> M
  1 2 3 4 5 6
1 0 0 0 0 0 0
2 0 0 0 0 0 0
3 0 0 0 0 0 0
4 0 0 0 0 0 0
5 0 0 0 0 0 0
6 0 0 0 0 0 0
> 
> ddf <- df
> ddf
    subj exp_id ses_id marker object timestamp         x          y duration
1    s01      1      1 absent female  0.047974  900.3552  488.94300 0.016228
2    s01      1      1 absent female  0.080787  911.9700  488.50594 0.258599
3    s01      1      1 absent female  0.436314  697.3683  244.20193 0.307332
4    s01      1      1 absent female  0.792164  782.1312  505.44540 0.275913
5    s01      1      1 absent female  1.131637  658.7424  120.26880 0.016810
6    s01      1      1 absent female  1.164079  656.9888  141.00696 0.242887
7    s01      1      1 absent female  1.503715  705.0806  418.84787 0.307386
8    s01      1      1 absent female  1.892029  713.6796  719.74040 0.938132
9    s01      1      1 absent female  2.927018  686.5728  459.06480 0.016336
10   s01      1      1 absent female  2.959775  703.4910  455.67568 0.420385
11   s01      1      1 absent female  3.396387  662.2176  418.10580 0.016123
12   s01      1      1 absent   male  0.097110  623.3676  899.86815 0.129363
13   s01      1      1 absent   male  0.242642  628.7136  898.13880 0.016281
14   s01      1      1 absent   male  0.371926  662.1104  454.84200 0.097224
15   s01      1      1 absent   male  0.549853  703.9872  320.78700 0.081048
16   s01      1      1 absent   male  0.646998  674.3396  221.52804 1.229061
17   s01      1      1 absent   male  1.892451  673.1930  246.36862 0.355511
18   s01      1      1 absent   male  2.280446  669.5147  257.01540 0.145717
19   s01      1      1 absent   male  2.458460  716.7712  283.66380 0.048386
20   s01      1      1 absent   male  2.539359  664.6512  239.93910 0.096972
21   s01      1      1 absent   male  2.733471  706.8621  500.39532 0.970459
22   s01      1      1 absent   male  3.720096  682.6848  503.43120 0.016081
23   s01      1      1  large female  0.048459  671.2896  511.28280 0.016549
24   s01      1      1  large female  0.081131  700.7374  522.16200 0.436535
25   s01      1      1  large female  0.533771  693.7440  516.12120 0.032374
26   s01      1      1  large female  0.647045  718.6176  359.04708 0.161781
27   s01      1      1  large female  0.873292  678.1586  211.40301 1.374972
28   s01      1      1  large female  2.296666  672.1536  257.25015 0.582412
29   s01      1      1  large female  2.976226  919.1856  382.80870 0.064569
30   s01      1      1  large female  3.138046  657.1060  241.23143 0.598252
31   s01      1      1  large female  3.752674  658.0896  233.20440 0.015905
32   s01      1      1  large   male  0.048298  679.1040  208.80180 0.016254
33   s01      1      1  large   male  0.080683  668.9120  230.64000 0.436963
34   s01      1      1  large   male  0.533796  618.2316  215.42096 1.407050
35   s01      1      1  large   male  1.973880  621.3822  197.01123 0.662615
36   s01      1      1  large   male  2.685016  648.4416  269.77320 0.032397
37   s01      1      1  large   male  2.733485  648.4800  218.18700 0.016191
38   s01      1      1  small female  0.048643  703.8816  447.70860 0.015950
39   s01      1      1  small female  0.080811  704.1970  419.28300 0.113232
40   s01      1      1  small female  0.274831  625.5736  227.53522 0.954381
41   s01      1      1  small female  1.277640  676.8941  320.39419 0.501475
42   s01      1      1  small female  1.811319  648.1573  398.53128 0.549948
43   s01      1      1  small female  2.426182  635.7752  536.23734 0.307251
44   s01      1      1  small female  2.814256  559.6749  695.01752 0.307361
45   s01      1      1  small female  3.202563  721.8537  880.98758 0.533817
46   s01      1      1  small female  3.752312  705.7248  883.09440 0.016314
47   s01      1      1  small   male  0.097291  670.3757  493.10694 0.161408
48   s01      1      1  small   male  0.339688  618.6807  347.45940 0.727698
49   s01      1      1  small   male  1.115764  626.1861  311.35225 0.922247
50   s01      1      1  small   male  2.054022  624.7882  327.49920 0.161676
51   s01      1      1  small   male  2.248037  610.2806  295.01820 1.488128
52   s01      1      1  small   male  3.752274  633.6000  329.91300 0.016061
53   s02      1      1 absent female  0.048933  942.7680  494.95320 0.015712
54   s02      1      1 absent female  0.080604  927.8347  466.29540 0.290986
55   s02      1      1 absent female  0.387726  919.2576  472.75920 0.016395
56   s02      1      1 absent female  0.485017  756.9168  278.53740 0.032382
57   s02      1      1 absent female  0.533399  773.8336  297.20700 0.048405
58   s02      1      1 absent female  0.646522  691.6956  253.46857 0.258890
59   s02      1      1 absent female  0.937861  683.6160  258.96240 0.016355
60   s02      1      1 absent female  1.051095  728.5839  593.35075 0.210120
61   s02      1      1 absent female  1.277371  704.1984  588.69180 0.016134
62   s02      1      1 absent female  1.390724 1160.4181  716.75820 0.420642
63   s02      1      1 absent female  1.892244 1322.0777  583.26480 0.112989
64   s02      1      1 absent female  2.086322 1465.0112  656.07210 0.096827
65   s02      1      1 absent female  2.199412 1462.2480  637.41870 0.032380
66   s02      1      1 absent female  2.830132 1332.7008  477.00900 0.016136
67   s02      1      1 absent female  2.862673 1325.6448  487.97640 0.016072
68   s02      1      1 absent female  2.894992 1358.2043  417.30286 0.420533
69   s02      1      1 absent   male  0.048458 1567.6224  917.95680 0.016165
70   s02      1      1 absent   male  0.080827 1553.8683  897.59957 0.226066
71   s02      1      1 absent   male  0.387934 1481.6576  609.68880 0.096847
72   s02      1      1 absent   male  0.565968 1244.6576  678.99510 0.097018
73   s02      1      1 absent   male  0.727510 1155.2185  572.48185 0.307407
74   s02      1      1 absent   male  1.050884 1117.2288  614.65500 0.016154
75   s02      1      1 absent   male  1.147968 1329.0212  563.51033 0.275001
76   s02      1      1 absent   male  1.487907 1464.1536  557.98470 0.032417
77   s02      1      1 absent   male  1.536434 1420.4592  593.86500 0.096888
78   s02      1      1 absent   male  1.714109 1138.5917  628.26003 0.323553
79   s02      1      1 absent   male  2.134728 1317.6608  653.94324 0.242692
80   s02      1      1 absent   male  2.441981 1456.7136  631.82916 0.081005
81   s02      1      1 absent   male  2.619755 1158.3300  693.97999 0.258915
82   s02      1      1 absent   male  2.927417 1294.3616  698.65884 0.242289
83   s02      1      1 absent   male  3.250708 1472.2512  798.42105 0.064548
84   s02      1      1 absent   male  3.331803 1482.0576  806.63040 0.015693
85   s02      1      1 absent   male  3.557849 1125.8129 1007.11865 0.177835
86   s02      1      1 absent   male  3.752146 1115.1072  989.51760 0.016200
87   s02      1      1  large female  0.048543 1243.7568  998.82720 0.016447
88   s02      1      1  large female  0.080858 1224.2315 1030.11420 0.145191
89   s02      1      1  large female  0.322995 1513.7169  871.74458 0.533960
90   s02      1      1  large female  0.937844 1451.7984  670.14540 0.016109
91   s02      1      1  large female  1.051189 1399.4880  422.71362 0.161775
92   s02      1      1  large female  1.228833 1407.9648  390.29580 0.016341
93   s02      1      1  large female  1.342809 1585.3536  887.91660 0.015646
94   s02      1      1  large female  1.374675 1561.5963  860.43727 2.329100
95   s02      1      1  large female  3.719969 1570.8480  880.86960 0.016226
96   s02      1      1  large   male  0.048196 1147.3632  998.67060 0.016359
97   s02      1      1  large   male  0.080474 1156.7776  993.98592 0.242883
98   s02      1      1  large   male  0.420291 1247.3422  616.23232 0.501289
99   s02      1      1  large   male  1.002360 1392.9240  526.72140 0.064722
100  s02      1      1  large   male  1.148016 1205.0710  589.13211 0.210190
101  s02      1      1  large   male  1.422903 1425.9516  628.23195 0.258894
102  s02      1      1  large   male  1.778959 1144.8784  719.69310 0.193861
103  s02      1      1  large   male  2.053874 1277.2128  740.12130 0.032131
104  s02      1      1  large   male  2.167136 1461.5160  714.68123 0.258716
105  s02      1      1  large   male  3.137387 1171.4016  726.21900 0.016299
106  s02      1      1  large   male  3.169844 1175.4624  765.28125 0.064705
107  s02      1      1  large   male  3.315366 1155.7543  983.81956 0.420671
108  s02      1      1  large   male  3.752196 1113.0912 1026.19980 0.016405
109  s02      1      1  small female  0.048779 1561.4208  888.25140 0.016050
110  s02      1      1  small female  0.081075 1569.0161  862.12374 0.177562
111  s02      1      1  small female  0.355956 1423.5744  617.29560 0.016113
112  s02      1      1  small female  0.388185 1421.6256  628.42770 0.032403
113  s02      1      1  small female  0.501269 1262.4998  577.19952 0.080999
114  s02      1      1  small female  0.663247 1282.8919  223.28691 0.113170
115  s02      1      1  small female  0.873823 1261.9368  668.35193 0.129023
116  s02      1      1  small female  1.067384 1134.7162  662.37372 0.080828
117  s02      1      1  small female  1.180791 1122.8424  576.00900 0.194317
118  s02      1      1  small female  1.471878 1399.7088  600.60420 0.016177
119  s02      1      1  small female  1.504381 1397.9678  593.04111 0.226325
120  s02      1      1  small female  1.746971 1353.7824  587.14740 0.016170
121  s02      1      1  small female  1.795559 1300.4376  613.08394 0.258404
122  s02      1      1  small female  2.151086 1128.8204  736.78098 0.210372
123  s02      1      1  small female  2.458357 1098.9813  378.70740 0.226527
124  s02      1      1  small female  2.781875 1389.8048  414.86451 0.339498
125  s02      1      1  small female  3.493727 1152.8167  998.01913 0.226373
126  s02      1      1  small female  3.736261 1156.2336  996.18660 0.016119
127  s02      1      1  small   male  0.048819 1385.6448  381.87180 0.015955
128  s02      1      1  small   male  0.081060 1388.0510  414.38829 0.226055
129  s02      1      1  small   male  0.404444 1509.5067  758.52180 0.113036
130  s02      1      1  small   male  0.566040 1551.6383  888.87898 1.261817
131  s02      1      1  small   male  1.892389 1400.2672  769.66560 0.096906
132  s02      1      1  small   male  2.070155 1119.6000  742.04640 0.016136
133  s02      1      1  small   male  2.102583 1140.0405  682.02964 0.226671
134  s02      1      1  small   male  2.377898 1143.1368  589.09073 0.129201
135  s02      1      1  small   male  2.588009 1384.2816  621.40500 0.016232
136  s02      1      1  small   male  2.620465 1385.4103  605.03683 0.112932
137  s02      1      1  small   male  2.830560 1134.0288  708.65280 0.016149
138  s02      1      1  small   male  2.863508 1151.4624  700.65900 0.096358
139  s02      1      1  small   male  3.056701 1383.1488  741.12377 0.113301
140  s02      1      1  small   male  3.251104 1543.0471  915.76030 0.468716
141  s02      1      1  small   male  3.736175 1523.4336  945.02160 0.016101
142  s03      1      1 absent female  0.048683 1162.4736  537.18120 0.015890
143  s03      1      1 absent female  0.129468 1270.9562  604.68768 0.242177
144  s03      1      1 absent female  0.452328 1198.9392  431.15220 0.032381
145  s03      1      1 absent female  0.501000 1197.9168  470.31146 0.113331
146  s03      1      1 absent female  0.695147 1296.1104  699.60240 0.032774
147  s03      1      1 absent female  0.743730 1336.3238  667.42488 0.080919
148  s03      1      1 absent female  0.857204 1255.8067  657.05688 0.080695
149  s03      1      1 absent female  0.970319 1184.4996  578.22457 0.129452
150  s03      1      1 absent female  1.180546 1372.4653  545.79384 0.242641
151  s03      1      1 absent female  1.455698 1463.5828  576.23857 0.210099
152  s03      1      1 absent female  1.762983 1136.9459  614.70504 0.242660
153  s03      1      1 absent female  2.021672 1123.7760  593.93520 0.048540
154  s03      1      1 absent female  2.118513 1145.8519  639.92623 0.113342
155  s03      1      1 absent female  2.296585 1185.4494  635.06811 1.180942
156  s03      1      1 absent female  3.525724 1200.6808  577.74825 0.194388
157  s03      1      1 absent   male  0.048553 1302.1344  667.69920 0.016549
158  s03      1      1 absent   male  0.080939 1311.4149  646.94314 0.113346
159  s03      1      1 absent   male  0.291190 1169.7720  378.73440 0.129234
160  s03      1      1 absent   male  0.468984 1222.9696  269.21520 0.048481
161  s03      1      1 absent   male  0.581991 1275.9922  153.23889 0.113473
162  s03      1      1 absent   male  0.711453 1236.7069   62.93602 0.711959
163  s03      1      1 absent   male  1.455748 1273.4611  111.67848 0.080604
164  s03      1      1 absent   male  1.568814 1286.1294  107.18033 0.695607
165  s03      1      1 absent   male  2.280619 1287.1176   77.63580 0.064335
166  s03      1      1 absent   male  2.393721 1338.5894  131.35500 0.080644
167  s03      1      1 absent   male  2.490639 1366.3753  190.04019 1.261646
168  s03      1      1 absent   male  3.768252 1341.3216   43.98300 0.016297
169  s03      1      1  large female  0.048590 1007.6544  715.82940 0.016061
170  s03      1      1  large female  0.080846  941.5792  701.06175 0.193995
171  s03      1      1  large female  0.371664  773.3984  470.13210 0.097102
172  s03      1      1  large female  0.581917 1107.5333  569.56680 0.339800
173  s03      1      1  large female  1.051330 1497.7248  845.34300 0.016336
174  s03      1      1  large female  1.083541 1484.8352  847.71540 0.096703
175  s03      1      1  large female  1.196585 1501.8432  826.40520 0.016150
176  s03      1      1  large female  1.309904  993.9948  684.34065 0.129423
177  s03      1      1  large female  1.536290  724.9997  529.68816 0.080849
178  s03      1      1  large female  1.714118  634.8792  194.92583 0.129691
179  s03      1      1  large female  1.875816  651.0600  249.08985 0.259280
180  s03      1      1  large female  2.231940  649.0387  595.81656 0.080864
181  s03      1      1  large female  2.409827 1164.1779  638.82910 0.307286
182  s03      1      1  large female  2.781870 1338.7661  691.83828 0.080603
183  s03      1      1  large female  2.943470 1302.5280  395.61480 0.032313
184  s03      1      1  large female  2.992101 1354.5787  402.84150 0.290943
185  s03      1      1  large   male  0.048479 1373.0208   93.28500 0.016120
186  s03      1      1  large   male  0.080980 1365.1017   91.01602 0.177426
187  s03      1      1  large   male  0.274906 1358.2080   91.69200 0.015980
188  s03      1      1  large   male  0.388075 1253.9232  625.09860 0.016155
189  s03      1      1  large   male  0.420441 1223.1544  624.17887 0.404549
190  s03      1      1  large   male  0.889471 1185.3912  731.46870 0.194014
191  s03      1      1  large   male  1.099834 1175.1456  735.62580 0.032431
192  s03      1      1  large   male  1.196911 1333.5678  745.97178 0.210147
193  s03      1      1  large   male  1.439467 1415.5160  752.49630 0.194076
194  s03      1      1  large   male  1.649576 1444.7904  759.46950 0.032539
195  s03      1      1  large   male  1.762805 1111.4427  769.05759 0.679289
196  s03      1      1  large   male  2.523168 1150.2674 1017.55543 0.339955
197  s03      1      1  large   male  2.959695 1149.5875  601.04585 0.760509
198  s03      1      1  large   male  3.736239 1128.1056  601.94340 0.016333
199  s03      1      1  small female  0.048240 1342.4640  445.57560 0.016511
200  s03      1      1  small female  0.080745 1369.3344  457.96500 0.145549
201  s03      1      1  small female  0.242259 1387.6032  462.84480 0.032421
202  s03      1      1  small female  0.355460 1294.6930  208.07589 0.226419
203  s03      1      1  small female  0.630468 1223.4595  263.96496 0.161790
204  s03      1      1  small female  0.840477 1240.9296  139.86519 0.420858
205  s03      1      1  small female  1.277648 1248.0120  103.07790 0.064859
206  s03      1      1  small female  1.358500 1242.1760  172.72620 0.048480
207  s03      1      1  small female  1.423090 1241.7472  102.53160 0.048532
208  s03      1      1  small female  1.503965 1353.8794  195.57644 0.922262
209  s03      1      1  small female  2.474356 1348.4273  281.58897 0.921907
210  s03      1      1  small female  3.412509 1289.0582  224.65620 0.161627
211  s03      1      1  small female  3.590352 1276.6656  263.91060 0.048661
212  s03      1      1  small female  3.655053 1254.1584  184.66245 0.064749
213  s03      1      1  small female  3.736018 1243.1904  206.12880 0.016164
214  s03      1      1  small   male  0.048258 1324.8192  298.05840 0.016208
215  s03      1      1  small   male  0.080584 1352.5595  299.05117 0.210130
216  s03      1      1  small   male  0.306839 1357.0848  295.12080 0.016086
217  s03      1      1  small   male  0.419988 1494.4992  744.47640 0.016290
218  s03      1      1  small   male  0.452423 1501.5600  764.87355 0.064570
219  s03      1      1  small   male  0.565569 1515.7654  895.09486 0.210449
220  s03      1      1  small   male  0.792150 1511.7312  906.03900 0.016279
221  s03      1      1  small   male  0.953880 1018.2984  291.11805 0.065066
222  s03      1      1  small   male  1.099173 1133.5957  543.42074 0.275284
223  s03      1      1  small   male  1.455207 1378.7328  604.34100 0.016220
224  s03      1      1  small   male  1.487634 1356.6816  573.87960 0.145518
225  s03      1      1  small   male  1.730270 1139.2797  714.31020 0.485391
226  s03      1      1  small   male  2.312723 1174.1823  994.89081 0.420254
227  s03      1      1  small   male  2.749150 1189.5936 1050.28920 0.016125
228  s04      1      1 absent female  0.048267  875.3760  542.50020 0.016718
229  s04      1      1 absent female  0.080973  890.3399  536.66116 0.371909
230  s04      1      1 absent female  0.533595  699.6960  370.56780 0.145565
231  s04      1      1 absent female  0.727701  694.8533  244.96890 0.291300
232  s04      1      1 absent female  1.115951  712.7256  689.74515 0.194120
233  s04      1      1 absent female  1.374714  713.5392  813.17520 0.016322
234  s04      1      1 absent female  1.487974 1182.8544  706.31460 0.016146
235  s04      1      1 absent female  1.520193 1168.8264  724.17105 0.064713
236  s04      1      1 absent female  1.633481 1139.1952  606.18915 0.194099
237  s04      1      1 absent female  1.908459 1389.3547  651.39660 0.145550
238  s04      1      1 absent female  2.151500 1133.3520  673.90650 0.193745
239  s04      1      1 absent female  2.426168 1318.8288  744.47100 0.016518
240  s04      1      1 absent female  2.458757 1367.9160  780.30270 0.064313
241  s04      1      1 absent female  2.539381 1363.5264  738.93060 0.016057
242  s04      1      1 absent female  2.652442 1147.0022 1026.12708 0.242770
243  s04      1      1 absent female  2.992427 1380.8748 1008.36833 0.129094
244  s04      1      1 absent female  3.170079 1474.3725 1002.64151 0.275203
245  s04      1      1 absent   male  0.048135 1175.9232 1023.26760 0.016497
246  s04      1      1 absent   male  0.080713 1192.4806 1008.88272 0.242380
247  s04      1      1 absent   male  0.549668  695.2992  149.21280 0.016089
248  s04      1      1 absent   male  0.581946  692.3254  205.35411 0.210297
249  s04      1      1 absent   male  0.905588  693.9432  661.96845 0.194037
250  s04      1      1 absent   male  1.180351  583.8336  844.08480 0.032728
251  s04      1      1 absent   male  1.228760  562.4352  814.00680 0.016304
252  s04      1      1 absent   male  1.374477 1184.5408  646.24716 0.242664
253  s04      1      1 absent   male  1.649530 1149.1632  573.81210 0.032281
254  s04      1      1 absent   male  1.762545 1374.7879  565.83360 0.210288
255  s04      1      1 absent   male  2.053789 1131.2108  667.38974 0.210513
256  s04      1      1 absent   male  2.345283 1261.7558  713.29410 0.161523
257  s04      1      1 absent   male  2.587459 1195.1738 1003.03576 0.177970
258  s04      1      1 absent   male  2.781643 1094.4843  996.08340 0.291321
259  s04      1      1 absent   male  3.170020 1340.5573 1013.11465 0.549820
260  s04      1      1 absent   male  3.735933 1332.9216 1047.38940 0.016238
261  s04      1      1  large female  0.048585 1094.1216  722.36880 0.016382
262  s04      1      1  large female  0.080929 1049.0208  713.43720 0.015740
263  s04      1      1  large female  0.194001  724.0560  778.72725 0.064704
264  s04      1      1  large female  0.388012  711.9768  367.03935 0.064439
265  s04      1      1  large female  0.468952  693.6977  292.82040 0.274739
266  s04      1      1  large female  0.840912  695.0544  620.27190 0.097114
267  s04      1      1  large female  1.035042  604.0464  963.73395 0.064670
268  s04      1      1  large female  1.116029  587.4528  993.44340 0.016003
269  s04      1      1  large female  1.245297 1138.5719  659.44419 0.275178
270  s04      1      1  large female  1.536337 1200.9936  636.57495 0.129266
271  s04      1      1  large female  1.698683 1130.0032  686.45430 0.096719
272  s04      1      1  large female  1.892300 1335.1680  784.85490 0.032693
273  s04      1      1  large female  1.940900 1342.2432  762.85800 0.015801
274  s04      1      1  large female  2.054096 1161.6044  980.40780 0.177823
275  s04      1      1  large female  2.248275 1104.3112 1037.61667 1.099346
276  s04      1      1  large female  3.444697  964.8768  692.91810 0.194251
277  s04      1      1  large female  3.735922  902.5056  522.65520 0.016179
278  s04      1      1  large   male  0.048470  846.2688  569.66760 0.016300
279  s04      1      1  large   male  0.081086  884.8272  574.45200 0.032008
280  s04      1      1  large   male  0.145622  959.9861  572.65860 0.145227
281  s04      1      1  large   male  0.371957 1151.3584  640.19400 0.291036
282  s04      1      1  large   male  0.759958  927.4579  413.10648 0.080724
283  s04      1      1  large   male  0.937972  670.3301  261.38217 0.307339
284  s04      1      1  large   male  1.342229  674.0928  614.00160 0.032345
285  s04      1      1  large   male  1.536636  628.5288  832.45995 0.064543
286  s04      1      1  large   male  1.617426  611.8656  856.43460 0.016192
287  s04      1      1  large   male  1.730619 1116.4704  646.80120 0.016320
288  s04      1      1  large   male  1.763024 1150.7364  648.69120 0.387961
289  s04      1      1  large   male  2.247880 1366.0430  688.85563 0.113238
290  s04      1      1  large   male  2.393588 1432.9344  700.37460 0.032337
291  s04      1      1  large   male  2.442312 1436.4864  690.33600 0.015886
292  s04      1      1  large   male  2.555295 1173.9391  776.77258 0.501457
293  s04      1      1  large   male  3.137796 1111.6704 1009.87020 0.032391
294  s04      1      1  large   male  3.186012 1130.8267  995.18400 0.145860
295  s04      1      1  large   male  3.348366 1156.0320  984.21480 0.015726
296  s04      1      1  small female  0.048566  831.7824  770.35860 0.015849
297  s04      1      1  small female  0.080864  817.9845  749.87949 0.226044
298  s04      1      1  small female  0.403836  702.3744  480.00330 0.032702
299  s04      1      1  small female  0.517449  664.8375  214.67160 0.178050
300  s04      1      1  small female  0.759807  631.7808  338.93100 0.032488
301  s04      1      1  small female  0.808660  658.3296  354.32100 0.015970
302  s04      1      1  small female  0.921761  635.7408  825.79500 0.016073
303  s04      1      1  small female  0.953965  630.4858  813.30372 0.080905
304  s04      1      1  small female  1.050955  638.7168  835.20720 0.016350
305  s04      1      1  small female  1.180420 1134.8652  671.35433 0.129497
306  s04      1      1  small female  1.325974 1112.9184  594.79020 0.097038
307  s04      1      1  small female  1.520490 1333.8444  625.72095 0.128897
308  s04      1      1  small female  1.730638 1118.8929  752.41835 0.420371
309  s04      1      1  small female  2.894864 1117.9770 1004.49004 0.841080
310  s04      1      1  small female  3.752345 1111.6608 1008.63360 0.016158
311  s04      1      1  small   male  0.048531 1101.2448 1045.96380 0.016190
312  s04      1      1  small   male  0.080868 1144.1745 1009.11254 0.210046
313  s04      1      1  small   male  0.565922 1040.3808  956.31609 0.113213
314  s04      1      1  small   male  0.808632 1071.7296  635.58270 0.096857
315  s04      1      1  small   male  1.002578  660.3936  160.46100 0.016220
316  s04      1      1  small   male  1.034945  666.0757  231.23880 0.145467
317  s04      1      1  small   male  1.228982  620.8032  278.39970 0.032363
318  s04      1      1  small   male  1.293669  619.6512  267.48900 0.016050
319  s04      1      1  small   male  1.406873  660.8032  814.69200 0.145576
320  s04      1      1  small   male  1.568603  666.4800  846.18540 0.016244
321  s04      1      1  small   male  1.681799 1139.3568  632.76120 0.016251
322  s04      1      1  small   male  1.714215 1127.8925  663.76692 0.080896
323  s04      1      1  small   male  1.827486 1128.5856  602.29980 0.145469
324  s04      1      1  small   male  2.053849 1305.9703  698.59260 0.113258
325  s04      1      1  small   male  2.264204 1094.0552  748.83240 0.194079
326  s04      1      1  small   male  2.523060 1209.2672  763.22880 0.145613
327  s04      1      1  small   male  2.749377 1101.2912 1035.23639 0.986862
328  s04      1      1  small   male  3.752199 1119.2352 1062.39060 0.016225
    prev_sacc_amplitude aoi_span     aoi_label aoi_order order
1              0.000000        0      painting         1     1
2              0.000000        0      painting         1     2
3            325.174353        0      painting         1     3
4            274.650523        0      painting         1     4
5            404.457426        0      painting         1     5
6             20.812169        0      painting         1     6
7            281.972328        0      painting         1     7
8            301.015369        0      painting         1     8
9            262.081176        0      painting         1     9
10            17.254277        0      painting         1    10
11            55.812054        0      painting         1    11
12             0.000000        0      painting         1    12
13             0.000000        0      painting         1    13
14           444.553033        0      painting         1    14
15           140.443616        0      painting         1    15
16           103.592088        0      painting         1    16
17            24.867030        0      painting         1    17
18            11.264290        0      painting         1    18
19            54.252347        0      painting         1    19
20            68.031932        0      painting         1    20
21           263.854507        0      painting         1    21
22            24.367138        0      painting         1    22
23             0.000000        0      painting         1    23
24             0.000000        0      painting         1    24
25             9.241170        0      painting         1    25
26           159.031365        0      painting         1    26
27           153.087243        0      painting         1    27
28            46.238726        0      painting         1    28
29           277.109651        0      painting         1    29
30           297.875556        0      painting         1    30
31             8.087067        0      painting         1    31
32             0.000000        0      painting         1    32
33             0.000000        0      painting         1    33
34            52.916167        0      painting         1    34
35            18.677382        0      painting         1    35
36            77.630620        0      painting         1    36
37            51.586214        0      painting         1    37
38             0.000000        0      painting         1    38
39             0.000000        0      painting         1    39
40           207.241056        0      painting         1    40
41           106.097067        0      painting         1    41
42            83.253898        0      painting         1    42
43           138.261621        0      painting         1    43
44           176.074948        0      painting         1    44
45           246.752517        0      painting         1    45
46            16.265891        0      painting         1    46
47             0.000000        0      painting         1    47
48             0.000000        0      painting         1    48
49            36.878944        0      painting         1    49
50            16.207349        0      painting         1    50
51            35.573669        0      painting         1    51
52            41.969555        0      painting         1    52
53             0.000000        0      painting         1    53
54             0.000000        0      painting         1    54
55            10.739962        0      painting         1    55
56           253.133646        0      painting         1    56
57            25.193890        0      painting         1    57
58            93.057514        0      painting         1    58
59             9.770468        0      painting         1    59
60           337.398401        0      painting         1    60
61            24.826545        0      painting         1    61
62           473.853786        3 painter_title         4    62
63           209.652859        0 painter_title         4    63
64           160.408492        0 painter_title         4    64
65            18.856951        0 painter_title         4    65
66           206.188625       -1      location         3    66
67            13.041127        0      location         3    67
68            77.813049        0      location         3    68
69             0.000000        0   smallQRcode         5    69
70             0.000000        0   smallQRcode         5    70
71           296.828239       -1 painter_title         4    71
72           246.925825        0 painter_title         4    72
73           139.084218        0 painter_title         4    73
74            56.760846        0 painter_title         4    74
75           217.880215        0 painter_title         4    75
76           135.245349       -1      location         3    76
77            56.538452        1 painter_title         4    77
78           283.958301        0 painter_title         4    78
79           180.901567        0 painter_title         4    79
80           140.800262        0 painter_title         4    80
81           304.787628        0 painter_title         4    81
82           136.112042        0 painter_title         4    82
83           203.953937        0 painter_title         4    83
84            12.789015        0 painter_title         4    84
85           408.785756        2   acquisition         6    85
86            20.601216        0   acquisition         6    86
87             0.000000        0   acquisition         6    87
88             0.000000        0   acquisition         6    88
89           329.973906       -1   smallQRcode         5    89
90           210.893661       -1 painter_title         4    90
91           252.900897       -1      location         3    91
92            33.507778        0      location         3    92
93           528.292766        2   smallQRcode         5    93
94            36.325212        0   smallQRcode         5    94
95            22.429294        0   smallQRcode         5    95
96             0.000000        0   acquisition         6    96
97             0.000000        0   acquisition         6    97
98           388.458151       -2 painter_title         4    98
99           170.898369       -1      location         3    99
100          197.949085        1 painter_title         4   100
101          224.314579        0 painter_title         4   101
102          295.579576        0 painter_title         4   102
103          133.901848        0 painter_title         4   103
104          186.050711        0 painter_title         4   104
105          290.343737        0 painter_title         4   105
106           39.272757        0 painter_title         4   106
107          219.425161        2   acquisition         6   107
108           60.135081        0   acquisition         6   108
109            0.000000        0   smallQRcode         5   109
110            0.000000        0   smallQRcode         5   110
111          284.770297       -1 painter_title         4   111
112           11.301392        0 painter_title         4   112
113          167.168579        0 painter_title         4   113
114          354.499602       -2   largeQRcode         2   114
115          445.558054        2 painter_title         4   115
116          127.361023        0 painter_title         4   116
117           87.177125        0 painter_title         4   117
118          277.956700        0 painter_title         4   118
119            7.760892        0 painter_title         4   119
120           44.576708        0 painter_title         4   120
121           59.315864        0 painter_title         4   121
122          211.550023        0 painter_title         4   122
123          359.314720       -1      location         3   123
124          293.062570        0      location         3   124
125          629.470151        3   acquisition         6   125
126            3.877301        0   acquisition         6   126
127            0.000000        0      location         3   127
128            0.000000        0      location         3   128
129          364.937502        1 painter_title         4   129
130          136.996568        1   smallQRcode         5   130
131          192.678572       -1 painter_title         4   131
132          282.022867        0 painter_title         4   132
133           63.402077        0 painter_title         4   133
134           92.990482        0 painter_title         4   134
135          243.300281        0 painter_title         4   135
136           16.407040        0 painter_title         4   136
137          271.898733        0 painter_title         4   137
138           19.178927        0 painter_title         4   138
139          235.193507        0 painter_title         4   139
140          236.781276        1   smallQRcode         5   140
141           35.226572        0   smallQRcode         5   141
142            0.000000        0      location         3   142
143            0.000000        1 painter_title         4   143
144          187.885618       -1      location         3   144
145           39.172602        0      location         3   145
146          249.431994        1 painter_title         4   146
147           51.502559        0 painter_title         4   147
148           81.181907        0 painter_title         4   148
149          106.297872        0 painter_title         4   149
150          190.742888       -1      location         3   150
151           96.069133        1 painter_title         4   151
152          328.894057        0 painter_title         4   152
153           24.593354        0 painter_title         4   153
154           51.014894        0 painter_title         4   154
155           39.894441        0 painter_title         4   155
156           59.309030        0 painter_title         4   156
157            0.000000        0 painter_title         4   157
158            0.000000        0 painter_title         4   158
159          303.312757       -1      location         3   159
160          121.755656       -1   largeQRcode         2   160
161          127.522173        0   largeQRcode         2   161
162           98.478141        0   largeQRcode         2   162
163           61.046700        0   largeQRcode         2   163
164           13.443178        0   largeQRcode         2   164
165           29.561052        0   largeQRcode         2   165
166           74.398271        0   largeQRcode         2   166
167           64.930761        0   largeQRcode         2   167
168          148.190382        0   largeQRcode         2   168
169            0.000000        0      painting         1   169
170            0.000000        0      painting         1   170
171          285.680389        0      painting         1   171
172          348.616354        3 painter_title         4   172
173          477.809536        1   smallQRcode         5   173
174           13.106108        0   smallQRcode         5   174
175           27.265302       -1 painter_title         4   175
176          527.344606       -3      painting         1   176
177          310.283366        0      painting         1   177
178          346.680720        0      painting         1   178
179           56.529283        0      painting         1   179
180          346.732602        0      painting         1   180
181          516.931721        3 painter_title         4   181
182          182.458277        0 painter_title         4   182
183          298.431816       -1      location         3   183
184           52.549949        0      location         3   184
185            0.000000        0   largeQRcode         2   185
186            0.000000        0   largeQRcode         2   186
187            6.926736        0   largeQRcode         2   187
188          543.505217        2 painter_title         4   188
189           30.782511        0 painter_title         4   189
190          113.741676        0 painter_title         4   190
191           11.056844        0 painter_title         4   191
192          158.759624        0 painter_title         4   192
193           82.207569        0 painter_title         4   193
194           30.093455        0 painter_title         4   194
195          333.485520        0 painter_title         4   195
196          251.512493        2   acquisition         6   196
197          416.510132       -2 painter_title         4   197
198           21.500683        0 painter_title         4   198
199            0.000000        0      location         3   199
200            0.000000        0      location         3   200
201           18.909297        0      location         3   201
202          271.181673       -1   largeQRcode         2   202
203           90.541711        0   largeQRcode         2   203
204          125.323406        0   largeQRcode         2   204
205           37.462852        0   largeQRcode         2   205
206           69.892379        0   largeQRcode         2   206
207           70.195910        0   largeQRcode         2   207
208          145.708529        0   largeQRcode         2   208
209           86.185152        0   largeQRcode         2   209
210           82.255842        0   largeQRcode         2   210
211           41.164128        0   largeQRcode         2   211
212           82.382300        0   largeQRcode         2   212
213           24.106041        0   largeQRcode         2   213
214            0.000000        0   largeQRcode         2   214
215            0.000000        0   largeQRcode         2   215
216            5.993836        0   largeQRcode         2   216
217          469.896981        2 painter_title         4   217
218           21.584685        0 painter_title         4   218
219          130.993831        1   smallQRcode         5   219
220           11.664007        0   smallQRcode         5   220
221          788.418482       -4      painting         1   221
222          277.398826        2      location         3   222
223          252.593528        1 painter_title         4   223
224           37.605217        0 painter_title         4   224
225          258.813346        0 painter_title         4   225
226          282.743114        2   acquisition         6   226
227           57.502093        0   acquisition         6   227
228            0.000000        0      painting         1   228
229            0.000000        0      painting         1   229
230          252.847974        0      painting         1   230
231          125.692224        0      painting         1   231
232          445.135182        0      painting         1   232
233          123.432731        0      painting         1   233
234          481.327274        3 painter_title         4   234
235           22.707655        0 painter_title         4   235
236          121.645948        0 painter_title         4   236
237          254.211472        0 painter_title         4   237
238          256.990391        0 painter_title         4   238
239          198.446446        0 painter_title         4   239
240           60.773875        0 painter_title         4   240
241           41.604318        0 painter_title         4   241
242          359.672810        2   acquisition         6   242
243          234.545833        0   acquisition         6   243
244           93.672940        0   acquisition         6   244
245            0.000000        0   acquisition         6   245
246            0.000000        0   acquisition         6   246
247          993.086983       -5      painting         1   247
248           56.220013        0      painting         1   248
249          456.617208        0      painting         1   249
250          212.815622        0      painting         1   250
251           36.913109        0      painting         1   251
252          644.328080        3 painter_title         4   252
253           80.612732        0 painter_title         4   253
254          225.765762        0 painter_title         4   254
255          263.900467        0 painter_title         4   255
256          138.380670        0 painter_title         4   256
257          297.293453        2   acquisition         6   257
258          100.929288        0   acquisition         6   258
259          246.661685        0   acquisition         6   259
260           35.114985        0   acquisition         6   260
261            0.000000        0 painter_title         4   261
262            0.000000       -3      painting         1   262
263          331.458763        0      painting         1   263
264          411.865068        0      painting         1   264
265           76.436760        0      painting         1   265
266          327.454311        0      painting         1   266
267          355.314840        0      painting         1   267
268           34.029384        0      painting         1   268
269          644.428189        3 painter_title         4   269
270           66.479138        0 painter_title         4   270
271           86.761665        0 painter_title         4   271
272          227.541805        0 painter_title         4   272
273           23.106754        0 painter_title         4   273
274          282.768995        2   acquisition         6   274
275           80.965220        0   acquisition         6   275
276          371.832010       -5      painting         1   276
277          181.327388        0      painting         1   277
278            0.000000        0      painting         1   278
279            0.000000        0      painting         1   279
280           75.180327        0      painting         1   280
281          202.939337        3 painter_title         4   281
282          318.904636       -3      painting         1   282
283          298.554819        0      painting         1   283
284          352.639506        0      painting         1   284
285          223.159425        0      painting         1   285
286           29.196679        0      painting         1   286
287          546.417575        3 painter_title         4   287
288           34.318084        0 painter_title         4   288
289          219.020778        0 painter_title         4   289
290           67.875989        0 painter_title         4   290
291           10.648483        0 painter_title         4   291
292          276.409784        0 painter_title         4   292
293          241.271405        2   acquisition         6   293
294           24.138082        0   acquisition         6   294
295           27.488765        0   acquisition         6   295
296            0.000000        0      painting         1   296
297            0.000000        0      painting         1   297
298          293.596391        0      painting         1   298
299          267.973745        0      painting         1   299
300          128.581281        0      painting         1   300
301           30.686982        0      painting         1   301
302          472.014816        0      painting         1   302
303           13.551661        0      painting         1   303
304           23.398984        0      painting         1   304
305          522.504545        3 painter_title         4   305
306           79.647519        0 painter_title         4   306
307          223.080723        0 painter_title         4   307
308          249.512259        0 painter_title         4   308
309          252.073352        2   acquisition         6   309
310            7.554078        0   acquisition         6   310
311            0.000000        0   acquisition         6   311
312            0.000000        0   acquisition         6   312
313          116.449999       -5      painting         1   313
314          322.261776        3 painter_title         4   314
315          628.440876       -3      painting         1   315
316           71.005518        0      painting         1   316
317           65.373946        0      painting         1   317
318           10.971348        0      painting         1   318
319          548.748221        0      painting         1   319
320           32.000942        0      painting         1   320
321          518.808594        3 painter_title         4   321
322           33.057303        0 painter_title         4   322
323           61.471028        0 painter_title         4   323
324          201.835651        0 painter_title         4   324
325          217.788983        0 painter_title         4   325
326          116.107972        0 painter_title         4   326
327          292.654985        2   acquisition         6   327
328           32.547462        0   acquisition         6   328
> M_0 <- TransMatrix(M,data=ddf,
+                     AOInamesVar="aoi_order",
+                     SubjectsVar="subj",
+                     FixOrderVar="order")
> M_0 <- M
> M_0
     1    2    3    4    5    6
1 0.89 0.00 0.01 0.10 0.00 0.00
2 0.04 0.86 0.00 0.11 0.00 0.00
3 0.00 0.14 0.41 0.32 0.09 0.05
4 0.03 0.01 0.09 0.75 0.03 0.09
5 0.07 0.00 0.00 0.36 0.50 0.07
6 0.13 0.00 0.03 0.10 0.06 0.68
> 
> en_s0 <- TransEntropy(M,data=ddf,
+                     AOInamesVar="aoi_order",
+                     SubjectsVar="subj",
+                     FixOrderVar="order")
> en_s0 <- TMentrop
> sen_s0 <- StationaryEntropy(M,data=ddf,
+                     AOInamesVar="aoi_order",
+                     SubjectsVar="subj",
+                     FixOrderVar="order")
> sen_s0 <- STentrop
> TransPlot2(transMatrix=M_0,
+            plotName="./figs/TM.pdf",
+            plotColors=brewer.pal(9,"Oranges"),
+            xLabels=c("1","2","3","4","5","6"),
+            yLabels=c("1","2","3","4","5","6"),
+            title="Grid",
+            margin=c(6,6),
+            annCex=1.3,
+            cexR=1.4,
+            cexC=1.4,
+            cexAxis=1.6,
+            annColor='black')
null device 
          1 
> #          plotColors=brewer.pal(4,"Greys"),
> #          annColor='#252525')
> 
> M <- zeroTM(naois)
> M
  1 2 3 4 5 6
1 0 0 0 0 0 0
2 0 0 0 0 0 0
3 0 0 0 0 0 0
4 0 0 0 0 0 0
5 0 0 0 0 0 0
6 0 0 0 0 0 0
> 
