2.5341 	WARNING 	We strongly recommend you activate the PTB sound engine in PsychoPy prefs as the preferred audio engine. Its timing is vastly superior. Your prefs are currently set to use ['sounddevice', 'PTB', 'pyo', 'pygame'] (in that order).
15.7468 	EXP 	Created window1 = Window(allowGUI=False, allowStencil=False, autoLog=True, backendConf=UNKNOWN, bitsMode=UNKNOWN, blendMode='avg', bpc=(8, 8, 8), color=array([0, 0, 0]), colorSpace='rgb', depthBits=8, fullscr=<method-wrapper '__getattribute__' of attributeSetter object at 0x00000206A49BE5C0>, gamma=None, gammaErrorPolicy='raise', lms=UNKNOWN, monitor=<psychopy.monitors.calibTools.Monitor object at 0x00000206A4A1EA90>, multiSample=False, name='window1', numSamples=2, pos=[0.0, 0.0], screen=0, size=array([1920, 1080]), stencilBits=0, stereo=False, units='norm', useFBO=True, useRetina=False, viewOri=0.0, viewPos=None, viewScale=None, waitBlanking=True, winType='pyglet')
15.7472 	EXP 	window1: mouseVisible = True
15.7472 	EXP 	window1: recordFrameIntervals = False
15.9131 	EXP 	window1: recordFrameIntervals = True
16.0966 	EXP 	window1: recordFrameIntervals = False
19.2625 	EXP 	Created calib_instr_text = TextStim(__class__=<class 'psychopy.visual.text.TextStim'>, alignHoriz=method-wrapper(...), alignText='center', alignVert=method-wrapper(...), anchorHoriz='center', anchorVert='center', antialias=True, autoLog=True, bold=False, color=array([1., 1., 1.]), colorSpace='rgb', contrast=1.0, depth=0.0, flipHoriz=False, flipVert=False, font='Open Sans', fontFiles=[], height=0.07, italic=False, languageStyle='LTR', name='calib_instr_text', opacity=1, ori=0.0, pos=array([0., 0.]), rgb=UNKNOWN, text=str(...), units='norm', win=Window(...), wrapWidth=1)
19.2647 	EXP 	Created calib_text = TextStim(__class__=<class 'psychopy.visual.text.TextStim'>, alignHoriz=method-wrapper(...), alignText='center', alignVert=method-wrapper(...), anchorHoriz='center', anchorVert='center', antialias=True, autoLog=True, bold=False, color=array([1., 1., 1.]), colorSpace='rgb', contrast=1.0, depth=-1.0, flipHoriz=False, flipVert=False, font='Open Sans', fontFiles=[], height=0.1, italic=False, languageStyle='LTR', name='calib_text', opacity=1, ori=0.0, pos=array([0., 0.]), rgb=UNKNOWN, text='', units='norm', win=Window(...), wrapWidth=1)
19.2951 	EXP 	Created text = TextStim(__class__=<class 'psychopy.visual.text.TextStim'>, alignHoriz=method-wrapper(...), alignText='center', alignVert=method-wrapper(...), anchorHoriz='center', anchorVert='center', antialias=True, autoLog=True, bold=False, color=array([1., 1., 1.]), colorSpace='rgb', contrast=1.0, depth=0.0, flipHoriz=False, flipVert=False, font='Open Sans', fontFiles=[], height=0.07, italic=False, languageStyle='LTR', name='text', opacity=1, ori=0.0, pos=array([0., 0.]), rgb=UNKNOWN, text=str(...), units='norm', win=Window(...), wrapWidth=1)
19.3032 	EXP 	Created layout = ImageStim(__class__=<class 'psychopy.visual.image.ImageStim'>, autoLog=True, color=array([1., 1., 1.]), colorSpace='rgb', contrast=1.0, depth=-2.0, flipHoriz=False, flipVert=False, image='sin', interpolate=True, mask=None, maskParams=None, name='layout', opacity=1, ori=0.0, pos=array([0., 0.]), size=array([1920., 1080.]), texRes=128.0, units='pix', win=Window(...))
19.3301 	EXP 	Created closing_text = TextStim(__class__=<class 'psychopy.visual.text.TextStim'>, alignHoriz=method-wrapper(...), alignText='center', alignVert=method-wrapper(...), anchorHoriz='center', anchorVert='center', antialias=True, autoLog=True, bold=False, color=array([1., 1., 1.]), colorSpace='rgb', contrast=1.0, depth=0.0, flipHoriz=False, flipVert=False, font='Open Sans', fontFiles=[], height=0.07, italic=False, languageStyle='LTR', name='closing_text', opacity=1, ori=0.0, pos=array([0., 0.]), rgb=UNKNOWN, text=str(...), units='norm', win=Window(...), wrapWidth=1)
19.3465 	EXP 	calib_instr_text: autoDraw = True
34.6986 	EXP 	Created sequence: sequential, trialTypes=1, nReps=10, seed=None
34.6988 	EXP 	New trial (rep=0, index=0): None
34.7052 	EXP 	Created calibrationTarget = TargetStim(__class__=<class 'psychopy.visual.target.TargetStim'>, autoDraw=False, autoLog=True, closeShape=True, color=method-wrapper(...), colorSpace='rgb', contrast=None, depth=0, fillColor=array([0, 0, 0]), fillColorSpace='rgb', fillRGB=array([0, 0, 0]), interpolate=True, lineColor=array([-1., -1., -1.]), lineColorSpace='rgb', lineRGB=array([-1, -1, -1]), lineWidth=2.0, name='calibrationTarget', opacity=1.0, ori=0.0, pos=array([0., 0.]), size=array([0.02, 0.02]), units='norm', vertices=ndarray(...), win=Window(...), windingRule=None)
34.7101 	EXP 	Created calibrationTargetInner = ShapeStim(__class__=<class 'psychopy.visual.shape.ShapeStim'>, autoDraw=False, autoLog=True, closeShape=True, color=method-wrapper(...), colorSpace='rgb', contrast=None, depth=0, fillColor=array([-1.        ,  0.00392157, -1.        ]), fillColorSpace='rgb', fillRGB=array([-1.        ,  0.00392157, -1.        ]), interpolate=True, lineColor=array([-1., -1., -1.]), lineColorSpace='rgb', lineRGB=array([-1, -1, -1]), lineWidth=2.0, name='calibrationTargetInner', opacity=1.0, ori=0.0, pos=array([0., 0.]), size=array([0.007, 0.007]), units='norm', vertices=ndarray(...), win=Window(...), windingRule=None)
54.6758 	DATA 	Keypress: space
54.6853 	EXP 	calib_instr_text: autoDraw = False
54.6853 	EXP 	calibrationTarget: vertices = 'circle'
54.6853 	EXP 	calibrationTargetInner: vertices = 'circle'
54.7162 	EXP 	calib_text: text = 'Average error is: 179.880000\n\nValid points: 5\n\nRecalibrate (y/n)?'
54.7162 	EXP 	calib_text: autoDraw = True
73.6501 	EXP 	New trial (rep=1, index=0): None
73.6567 	EXP 	Created calibrationTarget = TargetStim(__class__=<class 'psychopy.visual.target.TargetStim'>, autoDraw=False, autoLog=True, closeShape=True, color=method-wrapper(...), colorSpace='rgb', contrast=None, depth=0, fillColor=array([0, 0, 0]), fillColorSpace='rgb', fillRGB=array([0, 0, 0]), interpolate=True, lineColor=array([-1., -1., -1.]), lineColorSpace='rgb', lineRGB=array([-1, -1, -1]), lineWidth=2.0, name='calibrationTarget', opacity=1.0, ori=0.0, pos=array([0., 0.]), size=array([0.02, 0.02]), units='norm', vertices=ndarray(...), win=Window(...), windingRule=None)
73.6620 	EXP 	Created calibrationTargetInner = ShapeStim(__class__=<class 'psychopy.visual.shape.ShapeStim'>, autoDraw=False, autoLog=True, closeShape=True, color=method-wrapper(...), colorSpace='rgb', contrast=None, depth=0, fillColor=array([-1.        ,  0.00392157, -1.        ]), fillColorSpace='rgb', fillRGB=array([-1.        ,  0.00392157, -1.        ]), interpolate=True, lineColor=array([-1., -1., -1.]), lineColorSpace='rgb', lineRGB=array([-1, -1, -1]), lineWidth=2.0, name='calibrationTargetInner', opacity=1.0, ori=0.0, pos=array([0., 0.]), size=array([0.007, 0.007]), units='norm', vertices=ndarray(...), win=Window(...), windingRule=None)
87.7663 	EXP 	calib_text: autoDraw = False
87.7663 	EXP 	calibrationTarget: vertices = 'circle'
87.7663 	EXP 	calibrationTargetInner: vertices = 'circle'
87.7824 	EXP 	calib_text: text = 'Average error is: 46.530000\n\nValid points: 5\n\nRecalibrate (y/n)?'
87.7824 	EXP 	calib_text: autoDraw = True
91.6989 	EXP 	calib_text: autoDraw = False
91.6989 	EXP 	text: autoDraw = True
120.0004 	EXP 	Imported stim.csv as conditions, 12 conditions, 1 params
120.0011 	EXP 	Created sequence: random, trialTypes=12, nReps=1, seed=None
120.0014 	EXP 	New trial (rep=0, index=0): OrderedDict([('stim', './stimuli/layout1.png')])
120.5851 	EXP 	text: autoDraw = False
120.5851 	EXP 	layout: image = './stimuli/layout1.png'
120.5851 	EXP 	layout: autoDraw = True
125.0042 	EXP 	New trial (rep=0, index=1): OrderedDict([('stim', './stimuli/layout10.jpg')])
125.0122 	WARNING 	Requested image './stimuli/layout10.jpg' not found but similar filename './stimuli/layout10.png' exists. This will be used instead but changing the filename is advised.
125.5625 	EXP 	layout: autoDraw = False
125.5625 	EXP 	layout: image = './stimuli/layout10.jpg'
125.5625 	EXP 	layout: autoDraw = True
130.0059 	EXP 	New trial (rep=0, index=2): OrderedDict([('stim', './stimuli/layout4.png')])
130.3384 	EXP 	layout: autoDraw = False
130.3384 	EXP 	layout: image = './stimuli/layout4.png'
130.3384 	EXP 	layout: autoDraw = True
135.0029 	EXP 	New trial (rep=0, index=3): OrderedDict([('stim', './stimuli/layout3.png')])
135.4566 	EXP 	layout: autoDraw = False
135.4566 	EXP 	layout: image = './stimuli/layout3.png'
135.4566 	EXP 	layout: autoDraw = True
140.0066 	EXP 	New trial (rep=0, index=4): OrderedDict([('stim', './stimuli/layout6.jpg')])
140.0172 	WARNING 	Requested image './stimuli/layout6.jpg' not found but similar filename './stimuli/layout6.png' exists. This will be used instead but changing the filename is advised.
140.4428 	EXP 	layout: autoDraw = False
140.4428 	EXP 	layout: image = './stimuli/layout6.jpg'
140.4428 	EXP 	layout: autoDraw = True
145.0065 	EXP 	New trial (rep=0, index=5): OrderedDict([('stim', './stimuli/layout8.jpg')])
145.0151 	WARNING 	Requested image './stimuli/layout8.jpg' not found but similar filename './stimuli/layout8.png' exists. This will be used instead but changing the filename is advised.
145.3476 	EXP 	layout: autoDraw = False
145.3476 	EXP 	layout: image = './stimuli/layout8.jpg'
145.3476 	EXP 	layout: autoDraw = True
150.0060 	EXP 	New trial (rep=0, index=6): OrderedDict([('stim', './stimuli/layout7.jpg')])
150.0140 	WARNING 	Requested image './stimuli/layout7.jpg' not found but similar filename './stimuli/layout7.png' exists. This will be used instead but changing the filename is advised.
150.3491 	EXP 	layout: autoDraw = False
150.3491 	EXP 	layout: image = './stimuli/layout7.jpg'
150.3491 	EXP 	layout: autoDraw = True
155.0058 	EXP 	New trial (rep=0, index=7): OrderedDict([('stim', './stimuli/layout11.jpg')])
155.0145 	WARNING 	Requested image './stimuli/layout11.jpg' not found but similar filename './stimuli/layout11.png' exists. This will be used instead but changing the filename is advised.
155.4376 	EXP 	layout: autoDraw = False
155.4376 	EXP 	layout: image = './stimuli/layout11.jpg'
155.4376 	EXP 	layout: autoDraw = True
159.9890 	EXP 	New trial (rep=0, index=8): OrderedDict([('stim', './stimuli/layout12.jpg')])
159.9971 	WARNING 	Requested image './stimuli/layout12.jpg' not found but similar filename './stimuli/layout12.png' exists. This will be used instead but changing the filename is advised.
161.6800 	EXP 	layout: autoDraw = False
161.6800 	EXP 	layout: image = './stimuli/layout12.jpg'
161.6800 	EXP 	layout: autoDraw = True
164.9860 	EXP 	New trial (rep=0, index=9): OrderedDict([('stim', './stimuli/layout2.png')])
165.3745 	EXP 	layout: autoDraw = False
165.3745 	EXP 	layout: image = './stimuli/layout2.png'
165.3745 	EXP 	layout: autoDraw = True
169.9906 	EXP 	New trial (rep=0, index=10): OrderedDict([('stim', './stimuli/layout9.jpg')])
169.9999 	WARNING 	Requested image './stimuli/layout9.jpg' not found but similar filename './stimuli/layout9.png' exists. This will be used instead but changing the filename is advised.
170.4716 	EXP 	layout: autoDraw = False
170.4716 	EXP 	layout: image = './stimuli/layout9.jpg'
170.4716 	EXP 	layout: autoDraw = True
175.9856 	EXP 	New trial (rep=0, index=11): OrderedDict([('stim', './stimuli/layout5.jpg')])
175.9943 	WARNING 	Requested image './stimuli/layout5.jpg' not found but similar filename './stimuli/layout5.png' exists. This will be used instead but changing the filename is advised.
176.4508 	EXP 	layout: autoDraw = False
176.4508 	EXP 	layout: image = './stimuli/layout5.jpg'
176.4508 	EXP 	layout: autoDraw = True
180.0011 	EXP 	layout: autoDraw = False
180.0011 	EXP 	closing_text: autoDraw = True
194.5516 	EXP 	closing_text: autoDraw = False
194.6377 	EXP 	window1: mouseVisible = True
