2.4795 	WARNING 	We strongly recommend you activate the PTB sound engine in PsychoPy prefs as the preferred audio engine. Its timing is vastly superior. Your prefs are currently set to use ['sounddevice', 'PTB', 'pyo', 'pygame'] (in that order).
18.7107 	EXP 	Created window1 = Window(allowGUI=False, allowStencil=False, autoLog=True, backendConf=UNKNOWN, bitsMode=UNKNOWN, blendMode='avg', bpc=(8, 8, 8), color=array([0, 0, 0]), colorSpace='rgb', depthBits=8, fullscr=<method-wrapper '__getattribute__' of attributeSetter object at 0x0000025F5ADBE5C0>, gamma=None, gammaErrorPolicy='raise', lms=UNKNOWN, monitor=<psychopy.monitors.calibTools.Monitor object at 0x0000025F5AEDAA20>, multiSample=False, name='window1', numSamples=2, pos=[0.0, 0.0], screen=0, size=array([1920, 1080]), stencilBits=0, stereo=False, units='norm', useFBO=True, useRetina=False, viewOri=0.0, viewPos=None, viewScale=None, waitBlanking=True, winType='pyglet')
18.7110 	EXP 	window1: mouseVisible = True
18.7110 	EXP 	window1: recordFrameIntervals = False
18.8770 	EXP 	window1: recordFrameIntervals = True
19.0604 	EXP 	window1: recordFrameIntervals = False
22.3304 	EXP 	Created calib_instr_text = TextStim(__class__=<class 'psychopy.visual.text.TextStim'>, alignHoriz=method-wrapper(...), alignText='center', alignVert=method-wrapper(...), anchorHoriz='center', anchorVert='center', antialias=True, autoLog=True, bold=False, color=array([1., 1., 1.]), colorSpace='rgb', contrast=1.0, depth=0.0, flipHoriz=False, flipVert=False, font='Open Sans', fontFiles=[], height=0.07, italic=False, languageStyle='LTR', name='calib_instr_text', opacity=1, ori=0.0, pos=array([0., 0.]), rgb=UNKNOWN, text=str(...), units='norm', win=Window(...), wrapWidth=1)
22.3322 	EXP 	Created calib_text = TextStim(__class__=<class 'psychopy.visual.text.TextStim'>, alignHoriz=method-wrapper(...), alignText='center', alignVert=method-wrapper(...), anchorHoriz='center', anchorVert='center', antialias=True, autoLog=True, bold=False, color=array([1., 1., 1.]), colorSpace='rgb', contrast=1.0, depth=-1.0, flipHoriz=False, flipVert=False, font='Open Sans', fontFiles=[], height=0.1, italic=False, languageStyle='LTR', name='calib_text', opacity=1, ori=0.0, pos=array([0., 0.]), rgb=UNKNOWN, text='', units='norm', win=Window(...), wrapWidth=1)
22.3644 	EXP 	Created text = TextStim(__class__=<class 'psychopy.visual.text.TextStim'>, alignHoriz=method-wrapper(...), alignText='center', alignVert=method-wrapper(...), anchorHoriz='center', anchorVert='center', antialias=True, autoLog=True, bold=False, color=array([1., 1., 1.]), colorSpace='rgb', contrast=1.0, depth=0.0, flipHoriz=False, flipVert=False, font='Open Sans', fontFiles=[], height=0.07, italic=False, languageStyle='LTR', name='text', opacity=1, ori=0.0, pos=array([0., 0.]), rgb=UNKNOWN, text=str(...), units='norm', win=Window(...), wrapWidth=1)
22.3723 	EXP 	Created layout = ImageStim(__class__=<class 'psychopy.visual.image.ImageStim'>, autoLog=True, color=array([1., 1., 1.]), colorSpace='rgb', contrast=1.0, depth=-2.0, flipHoriz=False, flipVert=False, image='sin', interpolate=True, mask=None, maskParams=None, name='layout', opacity=1, ori=0.0, pos=array([0., 0.]), size=array([1920., 1080.]), texRes=128.0, units='pix', win=Window(...))
22.3972 	EXP 	Created closing_text = TextStim(__class__=<class 'psychopy.visual.text.TextStim'>, alignHoriz=method-wrapper(...), alignText='center', alignVert=method-wrapper(...), anchorHoriz='center', anchorVert='center', antialias=True, autoLog=True, bold=False, color=array([1., 1., 1.]), colorSpace='rgb', contrast=1.0, depth=0.0, flipHoriz=False, flipVert=False, font='Open Sans', fontFiles=[], height=0.07, italic=False, languageStyle='LTR', name='closing_text', opacity=1, ori=0.0, pos=array([0., 0.]), rgb=UNKNOWN, text=str(...), units='norm', win=Window(...), wrapWidth=1)
22.4104 	EXP 	calib_instr_text: autoDraw = True
35.1124 	EXP 	Created sequence: sequential, trialTypes=1, nReps=10, seed=None
35.1128 	EXP 	New trial (rep=0, index=0): None
35.1213 	EXP 	Created calibrationTarget = TargetStim(__class__=<class 'psychopy.visual.target.TargetStim'>, autoDraw=False, autoLog=True, closeShape=True, color=method-wrapper(...), colorSpace='rgb', contrast=None, depth=0, fillColor=array([0, 0, 0]), fillColorSpace='rgb', fillRGB=array([0, 0, 0]), interpolate=True, lineColor=array([-1., -1., -1.]), lineColorSpace='rgb', lineRGB=array([-1, -1, -1]), lineWidth=2.0, name='calibrationTarget', opacity=1.0, ori=0.0, pos=array([0., 0.]), size=array([0.02, 0.02]), units='norm', vertices=ndarray(...), win=Window(...), windingRule=None)
35.1260 	EXP 	Created calibrationTargetInner = ShapeStim(__class__=<class 'psychopy.visual.shape.ShapeStim'>, autoDraw=False, autoLog=True, closeShape=True, color=method-wrapper(...), colorSpace='rgb', contrast=None, depth=0, fillColor=array([-1.        ,  0.00392157, -1.        ]), fillColorSpace='rgb', fillRGB=array([-1.        ,  0.00392157, -1.        ]), interpolate=True, lineColor=array([-1., -1., -1.]), lineColorSpace='rgb', lineRGB=array([-1, -1, -1]), lineWidth=2.0, name='calibrationTargetInner', opacity=1.0, ori=0.0, pos=array([0., 0.]), size=array([0.007, 0.007]), units='norm', vertices=ndarray(...), win=Window(...), windingRule=None)
66.9739 	DATA 	Keypress: space
66.9796 	EXP 	calib_instr_text: autoDraw = False
66.9796 	EXP 	calibrationTarget: vertices = 'circle'
66.9796 	EXP 	calibrationTargetInner: vertices = 'circle'
67.1131 	EXP 	calib_text: text = 'Average error is: 19.870000\n\nValid points: 5\n\nRecalibrate (y/n)?'
67.1131 	EXP 	calib_text: autoDraw = True
71.8156 	DATA 	Keypress: n
71.8283 	EXP 	calib_text: autoDraw = False
71.8283 	EXP 	text: autoDraw = True
85.7612 	EXP 	Imported stim.csv as conditions, 12 conditions, 1 params
85.7619 	EXP 	Created sequence: random, trialTypes=12, nReps=1, seed=None
85.7622 	EXP 	New trial (rep=0, index=0): OrderedDict([('stim', './stimuli/layout5.jpg')])
85.7703 	WARNING 	Requested image './stimuli/layout5.jpg' not found but similar filename './stimuli/layout5.png' exists. This will be used instead but changing the filename is advised.
86.1153 	DATA 	Keypress: space
86.1294 	EXP 	text: autoDraw = False
86.1294 	EXP 	layout: image = './stimuli/layout5.jpg'
86.1294 	EXP 	layout: autoDraw = True
91.7639 	EXP 	New trial (rep=0, index=1): OrderedDict([('stim', './stimuli/layout3.png')])
91.9790 	EXP 	layout: autoDraw = False
91.9790 	EXP 	layout: image = './stimuli/layout3.png'
91.9790 	EXP 	layout: autoDraw = True
95.7635 	EXP 	New trial (rep=0, index=2): OrderedDict([('stim', './stimuli/layout8.jpg')])
95.7722 	WARNING 	Requested image './stimuli/layout8.jpg' not found but similar filename './stimuli/layout8.png' exists. This will be used instead but changing the filename is advised.
95.9790 	EXP 	layout: autoDraw = False
95.9790 	EXP 	layout: image = './stimuli/layout8.jpg'
95.9790 	EXP 	layout: autoDraw = True
101.7637 	EXP 	New trial (rep=0, index=3): OrderedDict([('stim', './stimuli/layout12.jpg')])
101.7722 	WARNING 	Requested image './stimuli/layout12.jpg' not found but similar filename './stimuli/layout12.png' exists. This will be used instead but changing the filename is advised.
102.1125 	EXP 	layout: autoDraw = False
102.1125 	EXP 	layout: image = './stimuli/layout12.jpg'
102.1125 	EXP 	layout: autoDraw = True
105.7681 	EXP 	New trial (rep=0, index=4): OrderedDict([('stim', './stimuli/layout1.png')])
106.0293 	EXP 	layout: autoDraw = False
106.0293 	EXP 	layout: image = './stimuli/layout1.png'
106.0293 	EXP 	layout: autoDraw = True
110.7671 	EXP 	New trial (rep=0, index=5): OrderedDict([('stim', './stimuli/layout9.jpg')])
110.7755 	WARNING 	Requested image './stimuli/layout9.jpg' not found but similar filename './stimuli/layout9.png' exists. This will be used instead but changing the filename is advised.
111.0294 	EXP 	layout: autoDraw = False
111.0294 	EXP 	layout: image = './stimuli/layout9.jpg'
111.0294 	EXP 	layout: autoDraw = True
115.7699 	EXP 	New trial (rep=0, index=6): OrderedDict([('stim', './stimuli/layout4.png')])
116.0296 	EXP 	layout: autoDraw = False
116.0296 	EXP 	layout: image = './stimuli/layout4.png'
116.0296 	EXP 	layout: autoDraw = True
120.7651 	EXP 	New trial (rep=0, index=7): OrderedDict([('stim', './stimuli/layout6.jpg')])
120.7950 	WARNING 	Requested image './stimuli/layout6.jpg' not found but similar filename './stimuli/layout6.png' exists. This will be used instead but changing the filename is advised.
121.2797 	EXP 	layout: autoDraw = False
121.2797 	EXP 	layout: image = './stimuli/layout6.jpg'
121.2797 	EXP 	layout: autoDraw = True
126.7479 	EXP 	New trial (rep=0, index=8): OrderedDict([('stim', './stimuli/layout11.jpg')])
126.7573 	WARNING 	Requested image './stimuli/layout11.jpg' not found but similar filename './stimuli/layout11.png' exists. This will be used instead but changing the filename is advised.
127.0466 	EXP 	layout: autoDraw = False
127.0466 	EXP 	layout: image = './stimuli/layout11.jpg'
127.0466 	EXP 	layout: autoDraw = True
130.7512 	EXP 	New trial (rep=0, index=9): OrderedDict([('stim', './stimuli/layout10.jpg')])
130.7593 	WARNING 	Requested image './stimuli/layout10.jpg' not found but similar filename './stimuli/layout10.png' exists. This will be used instead but changing the filename is advised.
131.1967 	EXP 	layout: autoDraw = False
131.1967 	EXP 	layout: image = './stimuli/layout10.jpg'
131.1967 	EXP 	layout: autoDraw = True
135.7480 	EXP 	New trial (rep=0, index=10): OrderedDict([('stim', './stimuli/layout7.jpg')])
135.7565 	WARNING 	Requested image './stimuli/layout7.jpg' not found but similar filename './stimuli/layout7.png' exists. This will be used instead but changing the filename is advised.
135.9301 	EXP 	layout: autoDraw = False
135.9301 	EXP 	layout: image = './stimuli/layout7.jpg'
135.9301 	EXP 	layout: autoDraw = True
140.7522 	EXP 	New trial (rep=0, index=11): OrderedDict([('stim', './stimuli/layout2.png')])
141.0469 	EXP 	layout: autoDraw = False
141.0469 	EXP 	layout: image = './stimuli/layout2.png'
141.0469 	EXP 	layout: autoDraw = True
145.7637 	EXP 	layout: autoDraw = False
145.7637 	EXP 	closing_text: autoDraw = True
153.7659 	DATA 	Keypress: space
153.7806 	EXP 	closing_text: autoDraw = False
154.0032 	EXP 	window1: mouseVisible = True
