2.4133 	WARNING 	We strongly recommend you activate the PTB sound engine in PsychoPy prefs as the preferred audio engine. Its timing is vastly superior. Your prefs are currently set to use ['sounddevice', 'PTB', 'pyo', 'pygame'] (in that order).
11.9017 	EXP 	Created window1 = Window(allowGUI=False, allowStencil=False, autoLog=True, backendConf=UNKNOWN, bitsMode=UNKNOWN, blendMode='avg', bpc=(8, 8, 8), color=array([0, 0, 0]), colorSpace='rgb', depthBits=8, fullscr=<method-wrapper '__getattribute__' of attributeSetter object at 0x000002319861E5C0>, gamma=None, gammaErrorPolicy='raise', lms=UNKNOWN, monitor=<psychopy.monitors.calibTools.Monitor object at 0x0000023198307A58>, multiSample=False, name='window1', numSamples=2, pos=[0.0, 0.0], screen=0, size=array([1920, 1080]), stencilBits=0, stereo=False, units='norm', useFBO=True, useRetina=False, viewOri=0.0, viewPos=None, viewScale=None, waitBlanking=True, winType='pyglet')
11.9021 	EXP 	window1: mouseVisible = True
11.9021 	EXP 	window1: recordFrameIntervals = False
12.0679 	EXP 	window1: recordFrameIntervals = True
12.2515 	EXP 	window1: recordFrameIntervals = False
15.5094 	EXP 	Created calib_instr_text = TextStim(__class__=<class 'psychopy.visual.text.TextStim'>, alignHoriz=method-wrapper(...), alignText='center', alignVert=method-wrapper(...), anchorHoriz='center', anchorVert='center', antialias=True, autoLog=True, bold=False, color=array([1., 1., 1.]), colorSpace='rgb', contrast=1.0, depth=0.0, flipHoriz=False, flipVert=False, font='Open Sans', fontFiles=[], height=0.07, italic=False, languageStyle='LTR', name='calib_instr_text', opacity=1, ori=0.0, pos=array([0., 0.]), rgb=UNKNOWN, text=str(...), units='norm', win=Window(...), wrapWidth=1)
15.5115 	EXP 	Created calib_text = TextStim(__class__=<class 'psychopy.visual.text.TextStim'>, alignHoriz=method-wrapper(...), alignText='center', alignVert=method-wrapper(...), anchorHoriz='center', anchorVert='center', antialias=True, autoLog=True, bold=False, color=array([1., 1., 1.]), colorSpace='rgb', contrast=1.0, depth=-1.0, flipHoriz=False, flipVert=False, font='Open Sans', fontFiles=[], height=0.1, italic=False, languageStyle='LTR', name='calib_text', opacity=1, ori=0.0, pos=array([0., 0.]), rgb=UNKNOWN, text='', units='norm', win=Window(...), wrapWidth=1)
15.5424 	EXP 	Created text = TextStim(__class__=<class 'psychopy.visual.text.TextStim'>, alignHoriz=method-wrapper(...), alignText='center', alignVert=method-wrapper(...), anchorHoriz='center', anchorVert='center', antialias=True, autoLog=True, bold=False, color=array([1., 1., 1.]), colorSpace='rgb', contrast=1.0, depth=0.0, flipHoriz=False, flipVert=False, font='Open Sans', fontFiles=[], height=0.07, italic=False, languageStyle='LTR', name='text', opacity=1, ori=0.0, pos=array([0., 0.]), rgb=UNKNOWN, text=str(...), units='norm', win=Window(...), wrapWidth=1)
15.5501 	EXP 	Created layout = ImageStim(__class__=<class 'psychopy.visual.image.ImageStim'>, autoLog=True, color=array([1., 1., 1.]), colorSpace='rgb', contrast=1.0, depth=-2.0, flipHoriz=False, flipVert=False, image='sin', interpolate=True, mask=None, maskParams=None, name='layout', opacity=1, ori=0.0, pos=array([0., 0.]), size=array([1920., 1080.]), texRes=128.0, units='pix', win=Window(...))
15.5776 	EXP 	Created closing_text = TextStim(__class__=<class 'psychopy.visual.text.TextStim'>, alignHoriz=method-wrapper(...), alignText='center', alignVert=method-wrapper(...), anchorHoriz='center', anchorVert='center', antialias=True, autoLog=True, bold=False, color=array([1., 1., 1.]), colorSpace='rgb', contrast=1.0, depth=0.0, flipHoriz=False, flipVert=False, font='Open Sans', fontFiles=[], height=0.07, italic=False, languageStyle='LTR', name='closing_text', opacity=1, ori=0.0, pos=array([0., 0.]), rgb=UNKNOWN, text=str(...), units='norm', win=Window(...), wrapWidth=1)
15.5847 	EXP 	calib_instr_text: autoDraw = True
19.6860 	EXP 	Created sequence: sequential, trialTypes=1, nReps=10, seed=None
19.6863 	EXP 	New trial (rep=0, index=0): None
19.6928 	EXP 	Created calibrationTarget = TargetStim(__class__=<class 'psychopy.visual.target.TargetStim'>, autoDraw=False, autoLog=True, closeShape=True, color=method-wrapper(...), colorSpace='rgb', contrast=None, depth=0, fillColor=array([0, 0, 0]), fillColorSpace='rgb', fillRGB=array([0, 0, 0]), interpolate=True, lineColor=array([-1., -1., -1.]), lineColorSpace='rgb', lineRGB=array([-1, -1, -1]), lineWidth=2.0, name='calibrationTarget', opacity=1.0, ori=0.0, pos=array([0., 0.]), size=array([0.02, 0.02]), units='norm', vertices=ndarray(...), win=Window(...), windingRule=None)
19.6976 	EXP 	Created calibrationTargetInner = ShapeStim(__class__=<class 'psychopy.visual.shape.ShapeStim'>, autoDraw=False, autoLog=True, closeShape=True, color=method-wrapper(...), colorSpace='rgb', contrast=None, depth=0, fillColor=array([-1.        ,  0.00392157, -1.        ]), fillColorSpace='rgb', fillRGB=array([-1.        ,  0.00392157, -1.        ]), interpolate=True, lineColor=array([-1., -1., -1.]), lineColorSpace='rgb', lineRGB=array([-1, -1, -1]), lineWidth=2.0, name='calibrationTargetInner', opacity=1.0, ori=0.0, pos=array([0., 0.]), size=array([0.007, 0.007]), units='norm', vertices=ndarray(...), win=Window(...), windingRule=None)
37.1148 	DATA 	Keypress: space
37.1275 	EXP 	calib_instr_text: autoDraw = False
37.1275 	EXP 	calibrationTarget: vertices = 'circle'
37.1275 	EXP 	calibrationTargetInner: vertices = 'circle'
37.2712 	EXP 	calib_text: text = 'Average error is: 45.330000\n\nValid points: 5\n\nRecalibrate (y/n)?'
37.2712 	EXP 	calib_text: autoDraw = True
43.7222 	DATA 	Keypress: n
43.7354 	EXP 	calib_text: autoDraw = False
43.7354 	EXP 	text: autoDraw = True
51.2393 	EXP 	Imported stim.csv as conditions, 12 conditions, 1 params
51.2397 	EXP 	Created sequence: random, trialTypes=12, nReps=1, seed=None
51.2400 	EXP 	New trial (rep=0, index=0): OrderedDict([('stim', './stimuli/layout8.jpg')])
51.2483 	WARNING 	Requested image './stimuli/layout8.jpg' not found but similar filename './stimuli/layout8.png' exists. This will be used instead but changing the filename is advised.
51.5696 	DATA 	Keypress: space
51.5862 	EXP 	text: autoDraw = False
51.5862 	EXP 	layout: image = './stimuli/layout8.jpg'
51.5862 	EXP 	layout: autoDraw = True
56.2376 	EXP 	New trial (rep=0, index=1): OrderedDict([('stim', './stimuli/layout1.png')])
56.4858 	EXP 	layout: autoDraw = False
56.4858 	EXP 	layout: image = './stimuli/layout1.png'
56.4858 	EXP 	layout: autoDraw = True
62.2376 	EXP 	New trial (rep=0, index=2): OrderedDict([('stim', './stimuli/layout6.jpg')])
62.2462 	WARNING 	Requested image './stimuli/layout6.jpg' not found but similar filename './stimuli/layout6.png' exists. This will be used instead but changing the filename is advised.
62.5193 	EXP 	layout: autoDraw = False
62.5193 	EXP 	layout: image = './stimuli/layout6.jpg'
62.5193 	EXP 	layout: autoDraw = True
66.2373 	EXP 	New trial (rep=0, index=3): OrderedDict([('stim', './stimuli/layout2.png')])
66.4027 	EXP 	layout: autoDraw = False
66.4027 	EXP 	layout: image = './stimuli/layout2.png'
66.4027 	EXP 	layout: autoDraw = True
71.2414 	EXP 	New trial (rep=0, index=4): OrderedDict([('stim', './stimuli/layout5.jpg')])
71.2495 	WARNING 	Requested image './stimuli/layout5.jpg' not found but similar filename './stimuli/layout5.png' exists. This will be used instead but changing the filename is advised.
71.4696 	EXP 	layout: autoDraw = False
71.4696 	EXP 	layout: image = './stimuli/layout5.jpg'
71.4696 	EXP 	layout: autoDraw = True
77.2382 	EXP 	New trial (rep=0, index=5): OrderedDict([('stim', './stimuli/layout9.jpg')])
77.2467 	WARNING 	Requested image './stimuli/layout9.jpg' not found but similar filename './stimuli/layout9.png' exists. This will be used instead but changing the filename is advised.
77.5197 	EXP 	layout: autoDraw = False
77.5197 	EXP 	layout: image = './stimuli/layout9.jpg'
77.5197 	EXP 	layout: autoDraw = True
81.2386 	EXP 	New trial (rep=0, index=6): OrderedDict([('stim', './stimuli/layout7.jpg')])
81.2462 	WARNING 	Requested image './stimuli/layout7.jpg' not found but similar filename './stimuli/layout7.png' exists. This will be used instead but changing the filename is advised.
81.5198 	EXP 	layout: autoDraw = False
81.5198 	EXP 	layout: image = './stimuli/layout7.jpg'
81.5198 	EXP 	layout: autoDraw = True
86.2252 	EXP 	New trial (rep=0, index=7): OrderedDict([('stim', './stimuli/layout4.png')])
86.5867 	EXP 	layout: autoDraw = False
86.5867 	EXP 	layout: image = './stimuli/layout4.png'
86.5867 	EXP 	layout: autoDraw = True
91.2267 	EXP 	New trial (rep=0, index=8): OrderedDict([('stim', './stimuli/layout11.jpg')])
91.2357 	WARNING 	Requested image './stimuli/layout11.jpg' not found but similar filename './stimuli/layout11.png' exists. This will be used instead but changing the filename is advised.
91.5368 	EXP 	layout: autoDraw = False
91.5368 	EXP 	layout: image = './stimuli/layout11.jpg'
91.5368 	EXP 	layout: autoDraw = True
96.2214 	EXP 	New trial (rep=0, index=9): OrderedDict([('stim', './stimuli/layout10.jpg')])
96.2303 	WARNING 	Requested image './stimuli/layout10.jpg' not found but similar filename './stimuli/layout10.png' exists. This will be used instead but changing the filename is advised.
96.5369 	EXP 	layout: autoDraw = False
96.5369 	EXP 	layout: image = './stimuli/layout10.jpg'
96.5369 	EXP 	layout: autoDraw = True
101.2268 	EXP 	New trial (rep=0, index=10): OrderedDict([('stim', './stimuli/layout12.jpg')])
101.2342 	WARNING 	Requested image './stimuli/layout12.jpg' not found but similar filename './stimuli/layout12.png' exists. This will be used instead but changing the filename is advised.
101.4370 	EXP 	layout: autoDraw = False
101.4370 	EXP 	layout: image = './stimuli/layout12.jpg'
101.4370 	EXP 	layout: autoDraw = True
106.2259 	EXP 	New trial (rep=0, index=11): OrderedDict([('stim', './stimuli/layout3.png')])
106.4705 	EXP 	layout: autoDraw = False
106.4705 	EXP 	layout: image = './stimuli/layout3.png'
106.4705 	EXP 	layout: autoDraw = True
111.2373 	EXP 	layout: autoDraw = False
111.2373 	EXP 	closing_text: autoDraw = True
113.6556 	DATA 	Keypress: space
113.6707 	EXP 	closing_text: autoDraw = False
113.8998 	EXP 	window1: mouseVisible = True
