2.4534 	WARNING 	We strongly recommend you activate the PTB sound engine in PsychoPy prefs as the preferred audio engine. Its timing is vastly superior. Your prefs are currently set to use ['sounddevice', 'PTB', 'pyo', 'pygame'] (in that order).
13.0555 	EXP 	Created window1 = Window(allowGUI=False, allowStencil=False, autoLog=True, backendConf=UNKNOWN, bitsMode=UNKNOWN, blendMode='avg', bpc=(8, 8, 8), color=array([0, 0, 0]), colorSpace='rgb', depthBits=8, fullscr=<method-wrapper '__getattribute__' of attributeSetter object at 0x000001E53D2DF5C0>, gamma=None, gammaErrorPolicy='raise', lms=UNKNOWN, monitor=<psychopy.monitors.calibTools.Monitor object at 0x000001E53D43FA58>, multiSample=False, name='window1', numSamples=2, pos=[0.0, 0.0], screen=0, size=array([1920, 1080]), stencilBits=0, stereo=False, units='norm', useFBO=True, useRetina=False, viewOri=0.0, viewPos=None, viewScale=None, waitBlanking=True, winType='pyglet')
13.0559 	EXP 	window1: mouseVisible = True
13.0559 	EXP 	window1: recordFrameIntervals = False
13.2218 	EXP 	window1: recordFrameIntervals = True
13.4051 	EXP 	window1: recordFrameIntervals = False
16.6448 	EXP 	Created calib_instr_text = TextStim(__class__=<class 'psychopy.visual.text.TextStim'>, alignHoriz=method-wrapper(...), alignText='center', alignVert=method-wrapper(...), anchorHoriz='center', anchorVert='center', antialias=True, autoLog=True, bold=False, color=array([1., 1., 1.]), colorSpace='rgb', contrast=1.0, depth=0.0, flipHoriz=False, flipVert=False, font='Open Sans', fontFiles=[], height=0.07, italic=False, languageStyle='LTR', name='calib_instr_text', opacity=1, ori=0.0, pos=array([0., 0.]), rgb=UNKNOWN, text=str(...), units='norm', win=Window(...), wrapWidth=1)
16.6467 	EXP 	Created calib_text = TextStim(__class__=<class 'psychopy.visual.text.TextStim'>, alignHoriz=method-wrapper(...), alignText='center', alignVert=method-wrapper(...), anchorHoriz='center', anchorVert='center', antialias=True, autoLog=True, bold=False, color=array([1., 1., 1.]), colorSpace='rgb', contrast=1.0, depth=-1.0, flipHoriz=False, flipVert=False, font='Open Sans', fontFiles=[], height=0.1, italic=False, languageStyle='LTR', name='calib_text', opacity=1, ori=0.0, pos=array([0., 0.]), rgb=UNKNOWN, text='', units='norm', win=Window(...), wrapWidth=1)
16.6754 	EXP 	Created text = TextStim(__class__=<class 'psychopy.visual.text.TextStim'>, alignHoriz=method-wrapper(...), alignText='center', alignVert=method-wrapper(...), anchorHoriz='center', anchorVert='center', antialias=True, autoLog=True, bold=False, color=array([1., 1., 1.]), colorSpace='rgb', contrast=1.0, depth=0.0, flipHoriz=False, flipVert=False, font='Open Sans', fontFiles=[], height=0.07, italic=False, languageStyle='LTR', name='text', opacity=1, ori=0.0, pos=array([0., 0.]), rgb=UNKNOWN, text=str(...), units='norm', win=Window(...), wrapWidth=1)
16.6833 	EXP 	Created layout = ImageStim(__class__=<class 'psychopy.visual.image.ImageStim'>, autoLog=True, color=array([1., 1., 1.]), colorSpace='rgb', contrast=1.0, depth=-2.0, flipHoriz=False, flipVert=False, image='sin', interpolate=True, mask=None, maskParams=None, name='layout', opacity=1, ori=0.0, pos=array([0., 0.]), size=array([1920., 1080.]), texRes=128.0, units='pix', win=Window(...))
16.7104 	EXP 	Created closing_text = TextStim(__class__=<class 'psychopy.visual.text.TextStim'>, alignHoriz=method-wrapper(...), alignText='center', alignVert=method-wrapper(...), anchorHoriz='center', anchorVert='center', antialias=True, autoLog=True, bold=False, color=array([1., 1., 1.]), colorSpace='rgb', contrast=1.0, depth=0.0, flipHoriz=False, flipVert=False, font='Open Sans', fontFiles=[], height=0.07, italic=False, languageStyle='LTR', name='closing_text', opacity=1, ori=0.0, pos=array([0., 0.]), rgb=UNKNOWN, text=str(...), units='norm', win=Window(...), wrapWidth=1)
16.7217 	EXP 	calib_instr_text: autoDraw = True
26.8398 	EXP 	Created sequence: sequential, trialTypes=1, nReps=10, seed=None
26.8400 	EXP 	New trial (rep=0, index=0): None
26.8462 	EXP 	Created calibrationTarget = TargetStim(__class__=<class 'psychopy.visual.target.TargetStim'>, autoDraw=False, autoLog=True, closeShape=True, color=method-wrapper(...), colorSpace='rgb', contrast=None, depth=0, fillColor=array([0, 0, 0]), fillColorSpace='rgb', fillRGB=array([0, 0, 0]), interpolate=True, lineColor=array([-1., -1., -1.]), lineColorSpace='rgb', lineRGB=array([-1, -1, -1]), lineWidth=2.0, name='calibrationTarget', opacity=1.0, ori=0.0, pos=array([0., 0.]), size=array([0.02, 0.02]), units='norm', vertices=ndarray(...), win=Window(...), windingRule=None)
26.8512 	EXP 	Created calibrationTargetInner = ShapeStim(__class__=<class 'psychopy.visual.shape.ShapeStim'>, autoDraw=False, autoLog=True, closeShape=True, color=method-wrapper(...), colorSpace='rgb', contrast=None, depth=0, fillColor=array([-1.        ,  0.00392157, -1.        ]), fillColorSpace='rgb', fillRGB=array([-1.        ,  0.00392157, -1.        ]), interpolate=True, lineColor=array([-1., -1., -1.]), lineColorSpace='rgb', lineRGB=array([-1, -1, -1]), lineWidth=2.0, name='calibrationTargetInner', opacity=1.0, ori=0.0, pos=array([0., 0.]), size=array([0.007, 0.007]), units='norm', vertices=ndarray(...), win=Window(...), windingRule=None)
44.4022 	DATA 	Keypress: space
44.4119 	EXP 	calib_instr_text: autoDraw = False
44.4119 	EXP 	calibrationTarget: vertices = 'circle'
44.4119 	EXP 	calibrationTargetInner: vertices = 'circle'
44.4373 	EXP 	calib_text: text = 'Average error is: 12.640000\n\nValid points: 5\n\nRecalibrate (y/n)?'
44.4373 	EXP 	calib_text: autoDraw = True
48.0060 	EXP 	calib_text: autoDraw = False
48.0060 	EXP 	text: autoDraw = True
59.9878 	EXP 	Imported stim.csv as conditions, 12 conditions, 1 params
59.9882 	EXP 	Created sequence: random, trialTypes=12, nReps=1, seed=None
59.9884 	EXP 	New trial (rep=0, index=0): OrderedDict([('stim', './stimuli/layout12.jpg')])
60.0090 	WARNING 	Requested image './stimuli/layout12.jpg' not found but similar filename './stimuli/layout12.png' exists. This will be used instead but changing the filename is advised.
60.2545 	EXP 	text: autoDraw = False
60.2545 	EXP 	layout: image = './stimuli/layout12.jpg'
60.2545 	EXP 	layout: autoDraw = True
64.9971 	EXP 	New trial (rep=0, index=1): OrderedDict([('stim', './stimuli/layout6.jpg')])
65.0148 	WARNING 	Requested image './stimuli/layout6.jpg' not found but similar filename './stimuli/layout6.png' exists. This will be used instead but changing the filename is advised.
65.1647 	EXP 	layout: autoDraw = False
65.1647 	EXP 	layout: image = './stimuli/layout6.jpg'
65.1647 	EXP 	layout: autoDraw = True
69.9934 	EXP 	New trial (rep=0, index=2): OrderedDict([('stim', './stimuli/layout11.jpg')])
70.0475 	WARNING 	Requested image './stimuli/layout11.jpg' not found but similar filename './stimuli/layout11.png' exists. This will be used instead but changing the filename is advised.
70.1890 	EXP 	layout: autoDraw = False
70.1890 	EXP 	layout: image = './stimuli/layout11.jpg'
70.1890 	EXP 	layout: autoDraw = True
74.9961 	EXP 	New trial (rep=0, index=3): OrderedDict([('stim', './stimuli/layout2.png')])
75.2772 	EXP 	layout: autoDraw = False
75.2772 	EXP 	layout: image = './stimuli/layout2.png'
75.2772 	EXP 	layout: autoDraw = True
79.9976 	EXP 	New trial (rep=0, index=4): OrderedDict([('stim', './stimuli/layout1.png')])
80.3096 	EXP 	layout: autoDraw = False
80.3096 	EXP 	layout: image = './stimuli/layout1.png'
80.3096 	EXP 	layout: autoDraw = True
84.9772 	EXP 	New trial (rep=0, index=5): OrderedDict([('stim', './stimuli/layout4.png')])
85.1794 	EXP 	layout: autoDraw = False
85.1794 	EXP 	layout: image = './stimuli/layout4.png'
85.1794 	EXP 	layout: autoDraw = True
89.9757 	EXP 	New trial (rep=0, index=6): OrderedDict([('stim', './stimuli/layout10.jpg')])
89.9866 	WARNING 	Requested image './stimuli/layout10.jpg' not found but similar filename './stimuli/layout10.png' exists. This will be used instead but changing the filename is advised.
90.2984 	EXP 	layout: autoDraw = False
90.2984 	EXP 	layout: image = './stimuli/layout10.jpg'
90.2984 	EXP 	layout: autoDraw = True
94.9802 	EXP 	New trial (rep=0, index=7): OrderedDict([('stim', './stimuli/layout3.png')])
95.2472 	EXP 	layout: autoDraw = False
95.2472 	EXP 	layout: image = './stimuli/layout3.png'
95.2472 	EXP 	layout: autoDraw = True
99.9763 	EXP 	New trial (rep=0, index=8): OrderedDict([('stim', './stimuli/layout9.jpg')])
100.1148 	WARNING 	Requested image './stimuli/layout9.jpg' not found but similar filename './stimuli/layout9.png' exists. This will be used instead but changing the filename is advised.
100.2825 	EXP 	layout: autoDraw = False
100.2825 	EXP 	layout: image = './stimuli/layout9.jpg'
100.2825 	EXP 	layout: autoDraw = True
104.9814 	EXP 	New trial (rep=0, index=9): OrderedDict([('stim', './stimuli/layout8.jpg')])
104.9924 	WARNING 	Requested image './stimuli/layout8.jpg' not found but similar filename './stimuli/layout8.png' exists. This will be used instead but changing the filename is advised.
105.1354 	EXP 	layout: autoDraw = False
105.1354 	EXP 	layout: image = './stimuli/layout8.jpg'
105.1354 	EXP 	layout: autoDraw = True
109.9801 	EXP 	New trial (rep=0, index=10): OrderedDict([('stim', './stimuli/layout5.jpg')])
109.9978 	WARNING 	Requested image './stimuli/layout5.jpg' not found but similar filename './stimuli/layout5.png' exists. This will be used instead but changing the filename is advised.
110.1475 	EXP 	layout: autoDraw = False
110.1475 	EXP 	layout: image = './stimuli/layout5.jpg'
110.1475 	EXP 	layout: autoDraw = True
114.9758 	EXP 	New trial (rep=0, index=11): OrderedDict([('stim', './stimuli/layout7.jpg')])
114.9935 	WARNING 	Requested image './stimuli/layout7.jpg' not found but similar filename './stimuli/layout7.png' exists. This will be used instead but changing the filename is advised.
115.1326 	EXP 	layout: autoDraw = False
115.1326 	EXP 	layout: image = './stimuli/layout7.jpg'
115.1326 	EXP 	layout: autoDraw = True
119.9911 	EXP 	layout: autoDraw = False
119.9911 	EXP 	closing_text: autoDraw = True
128.8744 	EXP 	closing_text: autoDraw = False
128.9606 	EXP 	window1: mouseVisible = True
