2.3866 	WARNING 	We strongly recommend you activate the PTB sound engine in PsychoPy prefs as the preferred audio engine. Its timing is vastly superior. Your prefs are currently set to use ['sounddevice', 'PTB', 'pyo', 'pygame'] (in that order).
18.6510 	EXP 	Created window1 = Window(allowGUI=False, allowStencil=False, autoLog=True, backendConf=UNKNOWN, bitsMode=UNKNOWN, blendMode='avg', bpc=(8, 8, 8), color=array([0, 0, 0]), colorSpace='rgb', depthBits=8, fullscr=<method-wrapper '__getattribute__' of attributeSetter object at 0x0000025367EEF5C0>, gamma=None, gammaErrorPolicy='raise', lms=UNKNOWN, monitor=<psychopy.monitors.calibTools.Monitor object at 0x000002536804FA58>, multiSample=False, name='window1', numSamples=2, pos=[0.0, 0.0], screen=0, size=array([1920, 1080]), stencilBits=0, stereo=False, units='norm', useFBO=True, useRetina=False, viewOri=0.0, viewPos=None, viewScale=None, waitBlanking=True, winType='pyglet')
18.6514 	EXP 	window1: mouseVisible = True
18.6514 	EXP 	window1: recordFrameIntervals = False
18.8172 	EXP 	window1: recordFrameIntervals = True
19.0007 	EXP 	window1: recordFrameIntervals = False
22.2332 	EXP 	Created calib_instr_text = TextStim(__class__=<class 'psychopy.visual.text.TextStim'>, alignHoriz=method-wrapper(...), alignText='center', alignVert=method-wrapper(...), anchorHoriz='center', anchorVert='center', antialias=True, autoLog=True, bold=False, color=array([1., 1., 1.]), colorSpace='rgb', contrast=1.0, depth=0.0, flipHoriz=False, flipVert=False, font='Open Sans', fontFiles=[], height=0.07, italic=False, languageStyle='LTR', name='calib_instr_text', opacity=1, ori=0.0, pos=array([0., 0.]), rgb=UNKNOWN, text=str(...), units='norm', win=Window(...), wrapWidth=1)
22.2351 	EXP 	Created calib_text = TextStim(__class__=<class 'psychopy.visual.text.TextStim'>, alignHoriz=method-wrapper(...), alignText='center', alignVert=method-wrapper(...), anchorHoriz='center', anchorVert='center', antialias=True, autoLog=True, bold=False, color=array([1., 1., 1.]), colorSpace='rgb', contrast=1.0, depth=-1.0, flipHoriz=False, flipVert=False, font='Open Sans', fontFiles=[], height=0.1, italic=False, languageStyle='LTR', name='calib_text', opacity=1, ori=0.0, pos=array([0., 0.]), rgb=UNKNOWN, text='', units='norm', win=Window(...), wrapWidth=1)
22.2645 	EXP 	Created text = TextStim(__class__=<class 'psychopy.visual.text.TextStim'>, alignHoriz=method-wrapper(...), alignText='center', alignVert=method-wrapper(...), anchorHoriz='center', anchorVert='center', antialias=True, autoLog=True, bold=False, color=array([1., 1., 1.]), colorSpace='rgb', contrast=1.0, depth=0.0, flipHoriz=False, flipVert=False, font='Open Sans', fontFiles=[], height=0.07, italic=False, languageStyle='LTR', name='text', opacity=1, ori=0.0, pos=array([0., 0.]), rgb=UNKNOWN, text=str(...), units='norm', win=Window(...), wrapWidth=1)
22.2719 	EXP 	Created layout = ImageStim(__class__=<class 'psychopy.visual.image.ImageStim'>, autoLog=True, color=array([1., 1., 1.]), colorSpace='rgb', contrast=1.0, depth=-2.0, flipHoriz=False, flipVert=False, image='sin', interpolate=True, mask=None, maskParams=None, name='layout', opacity=1, ori=0.0, pos=array([0., 0.]), size=array([1920., 1080.]), texRes=128.0, units='pix', win=Window(...))
22.2998 	EXP 	Created closing_text = TextStim(__class__=<class 'psychopy.visual.text.TextStim'>, alignHoriz=method-wrapper(...), alignText='center', alignVert=method-wrapper(...), anchorHoriz='center', anchorVert='center', antialias=True, autoLog=True, bold=False, color=array([1., 1., 1.]), colorSpace='rgb', contrast=1.0, depth=0.0, flipHoriz=False, flipVert=False, font='Open Sans', fontFiles=[], height=0.07, italic=False, languageStyle='LTR', name='closing_text', opacity=1, ori=0.0, pos=array([0., 0.]), rgb=UNKNOWN, text=str(...), units='norm', win=Window(...), wrapWidth=1)
22.3174 	EXP 	calib_instr_text: autoDraw = True
39.5690 	EXP 	Created sequence: sequential, trialTypes=1, nReps=10, seed=None
39.5692 	EXP 	New trial (rep=0, index=0): None
39.5754 	EXP 	Created calibrationTarget = TargetStim(__class__=<class 'psychopy.visual.target.TargetStim'>, autoDraw=False, autoLog=True, closeShape=True, color=method-wrapper(...), colorSpace='rgb', contrast=None, depth=0, fillColor=array([0, 0, 0]), fillColorSpace='rgb', fillRGB=array([0, 0, 0]), interpolate=True, lineColor=array([-1., -1., -1.]), lineColorSpace='rgb', lineRGB=array([-1, -1, -1]), lineWidth=2.0, name='calibrationTarget', opacity=1.0, ori=0.0, pos=array([0., 0.]), size=array([0.02, 0.02]), units='norm', vertices=ndarray(...), win=Window(...), windingRule=None)
39.5804 	EXP 	Created calibrationTargetInner = ShapeStim(__class__=<class 'psychopy.visual.shape.ShapeStim'>, autoDraw=False, autoLog=True, closeShape=True, color=method-wrapper(...), colorSpace='rgb', contrast=None, depth=0, fillColor=array([-1.        ,  0.00392157, -1.        ]), fillColorSpace='rgb', fillRGB=array([-1.        ,  0.00392157, -1.        ]), interpolate=True, lineColor=array([-1., -1., -1.]), lineColorSpace='rgb', lineRGB=array([-1, -1, -1]), lineWidth=2.0, name='calibrationTargetInner', opacity=1.0, ori=0.0, pos=array([0., 0.]), size=array([0.007, 0.007]), units='norm', vertices=ndarray(...), win=Window(...), windingRule=None)
58.1333 	DATA 	Keypress: space
58.1411 	EXP 	calib_instr_text: autoDraw = False
58.1411 	EXP 	calibrationTarget: vertices = 'circle'
58.1411 	EXP 	calibrationTargetInner: vertices = 'circle'
58.1656 	EXP 	calib_text: text = 'Average error is: 30.310000\n\nValid points: 5\n\nRecalibrate (y/n)?'
58.1656 	EXP 	calib_text: autoDraw = True
61.5882 	EXP 	New trial (rep=1, index=0): None
61.5942 	EXP 	Created calibrationTarget = TargetStim(__class__=<class 'psychopy.visual.target.TargetStim'>, autoDraw=False, autoLog=True, closeShape=True, color=method-wrapper(...), colorSpace='rgb', contrast=None, depth=0, fillColor=array([0, 0, 0]), fillColorSpace='rgb', fillRGB=array([0, 0, 0]), interpolate=True, lineColor=array([-1., -1., -1.]), lineColorSpace='rgb', lineRGB=array([-1, -1, -1]), lineWidth=2.0, name='calibrationTarget', opacity=1.0, ori=0.0, pos=array([0., 0.]), size=array([0.02, 0.02]), units='norm', vertices=ndarray(...), win=Window(...), windingRule=None)
61.5997 	EXP 	Created calibrationTargetInner = ShapeStim(__class__=<class 'psychopy.visual.shape.ShapeStim'>, autoDraw=False, autoLog=True, closeShape=True, color=method-wrapper(...), colorSpace='rgb', contrast=None, depth=0, fillColor=array([-1.        ,  0.00392157, -1.        ]), fillColorSpace='rgb', fillRGB=array([-1.        ,  0.00392157, -1.        ]), interpolate=True, lineColor=array([-1., -1., -1.]), lineColorSpace='rgb', lineRGB=array([-1, -1, -1]), lineWidth=2.0, name='calibrationTargetInner', opacity=1.0, ori=0.0, pos=array([0., 0.]), size=array([0.007, 0.007]), units='norm', vertices=ndarray(...), win=Window(...), windingRule=None)
75.9351 	EXP 	calib_text: autoDraw = False
75.9351 	EXP 	calibrationTarget: vertices = 'circle'
75.9351 	EXP 	calibrationTargetInner: vertices = 'circle'
75.9490 	EXP 	calib_text: text = 'Average error is: 21.670000\n\nValid points: 5\n\nRecalibrate (y/n)?'
75.9490 	EXP 	calib_text: autoDraw = True
79.6190 	EXP 	calib_text: autoDraw = False
79.6190 	EXP 	text: autoDraw = True
90.8006 	EXP 	Imported stim.csv as conditions, 12 conditions, 1 params
90.8010 	EXP 	Created sequence: random, trialTypes=12, nReps=1, seed=None
90.8012 	EXP 	New trial (rep=0, index=0): OrderedDict([('stim', './stimuli/layout10.jpg')])
90.8089 	WARNING 	Requested image './stimuli/layout10.jpg' not found but similar filename './stimuli/layout10.png' exists. This will be used instead but changing the filename is advised.
91.0450 	EXP 	text: autoDraw = False
91.0450 	EXP 	layout: image = './stimuli/layout10.jpg'
91.0450 	EXP 	layout: autoDraw = True
95.8078 	EXP 	New trial (rep=0, index=1): OrderedDict([('stim', './stimuli/layout3.png')])
95.9784 	EXP 	layout: autoDraw = False
95.9784 	EXP 	layout: image = './stimuli/layout3.png'
95.9784 	EXP 	layout: autoDraw = True
100.8044 	EXP 	New trial (rep=0, index=2): OrderedDict([('stim', './stimuli/layout4.png')])
100.9436 	EXP 	layout: autoDraw = False
100.9436 	EXP 	layout: image = './stimuli/layout4.png'
100.9436 	EXP 	layout: autoDraw = True
106.8043 	EXP 	New trial (rep=0, index=3): OrderedDict([('stim', './stimuli/layout12.jpg')])
106.8126 	WARNING 	Requested image './stimuli/layout12.jpg' not found but similar filename './stimuli/layout12.png' exists. This will be used instead but changing the filename is advised.
106.9564 	EXP 	layout: autoDraw = False
106.9564 	EXP 	layout: image = './stimuli/layout12.jpg'
106.9564 	EXP 	layout: autoDraw = True
110.8095 	EXP 	New trial (rep=0, index=4): OrderedDict([('stim', './stimuli/layout5.jpg')])
110.8188 	WARNING 	Requested image './stimuli/layout5.jpg' not found but similar filename './stimuli/layout5.png' exists. This will be used instead but changing the filename is advised.
110.9977 	EXP 	layout: autoDraw = False
110.9977 	EXP 	layout: image = './stimuli/layout5.jpg'
110.9977 	EXP 	layout: autoDraw = True
116.8049 	EXP 	New trial (rep=0, index=5): OrderedDict([('stim', './stimuli/layout2.png')])
116.9746 	EXP 	layout: autoDraw = False
116.9746 	EXP 	layout: image = './stimuli/layout2.png'
116.9746 	EXP 	layout: autoDraw = True
121.8049 	EXP 	New trial (rep=0, index=6): OrderedDict([('stim', './stimuli/layout8.jpg')])
121.8140 	WARNING 	Requested image './stimuli/layout8.jpg' not found but similar filename './stimuli/layout8.png' exists. This will be used instead but changing the filename is advised.
121.9580 	EXP 	layout: autoDraw = False
121.9580 	EXP 	layout: image = './stimuli/layout8.jpg'
121.9580 	EXP 	layout: autoDraw = True
125.7923 	EXP 	New trial (rep=0, index=7): OrderedDict([('stim', './stimuli/layout1.png')])
125.9304 	EXP 	layout: autoDraw = False
125.9304 	EXP 	layout: image = './stimuli/layout1.png'
125.9304 	EXP 	layout: autoDraw = True
130.7885 	EXP 	New trial (rep=0, index=8): OrderedDict([('stim', './stimuli/layout7.jpg')])
130.7966 	WARNING 	Requested image './stimuli/layout7.jpg' not found but similar filename './stimuli/layout7.png' exists. This will be used instead but changing the filename is advised.
130.9364 	EXP 	layout: autoDraw = False
130.9364 	EXP 	layout: image = './stimuli/layout7.jpg'
130.9364 	EXP 	layout: autoDraw = True
136.7886 	EXP 	New trial (rep=0, index=9): OrderedDict([('stim', './stimuli/layout9.jpg')])
136.7975 	WARNING 	Requested image './stimuli/layout9.jpg' not found but similar filename './stimuli/layout9.png' exists. This will be used instead but changing the filename is advised.
136.9461 	EXP 	layout: autoDraw = False
136.9461 	EXP 	layout: image = './stimuli/layout9.jpg'
136.9461 	EXP 	layout: autoDraw = True
140.7933 	EXP 	New trial (rep=0, index=10): OrderedDict([('stim', './stimuli/layout6.jpg')])
140.8014 	WARNING 	Requested image './stimuli/layout6.jpg' not found but similar filename './stimuli/layout6.png' exists. This will be used instead but changing the filename is advised.
140.9333 	EXP 	layout: autoDraw = False
140.9333 	EXP 	layout: image = './stimuli/layout6.jpg'
140.9333 	EXP 	layout: autoDraw = True
145.7932 	EXP 	New trial (rep=0, index=11): OrderedDict([('stim', './stimuli/layout11.jpg')])
145.8012 	WARNING 	Requested image './stimuli/layout11.jpg' not found but similar filename './stimuli/layout11.png' exists. This will be used instead but changing the filename is advised.
145.9338 	EXP 	layout: autoDraw = False
145.9338 	EXP 	layout: image = './stimuli/layout11.jpg'
145.9338 	EXP 	layout: autoDraw = True
151.7961 	EXP 	layout: autoDraw = False
151.7961 	EXP 	closing_text: autoDraw = True
159.3205 	EXP 	closing_text: autoDraw = False
159.4074 	EXP 	window1: mouseVisible = True
