2.4441 	WARNING 	We strongly recommend you activate the PTB sound engine in PsychoPy prefs as the preferred audio engine. Its timing is vastly superior. Your prefs are currently set to use ['sounddevice', 'PTB', 'pyo', 'pygame'] (in that order).
17.5801 	EXP 	Created window1 = Window(allowGUI=False, allowStencil=False, autoLog=True, backendConf=UNKNOWN, bitsMode=UNKNOWN, blendMode='avg', bpc=(8, 8, 8), color=array([0, 0, 0]), colorSpace='rgb', depthBits=8, fullscr=<method-wrapper '__getattribute__' of attributeSetter object at 0x00000233AC7DE5C0>, gamma=None, gammaErrorPolicy='raise', lms=UNKNOWN, monitor=<psychopy.monitors.calibTools.Monitor object at 0x00000233AC801A90>, multiSample=False, name='window1', numSamples=2, pos=[0.0, 0.0], screen=0, size=array([1920, 1080]), stencilBits=0, stereo=False, units='norm', useFBO=True, useRetina=False, viewOri=0.0, viewPos=None, viewScale=None, waitBlanking=True, winType='pyglet')
17.5805 	EXP 	window1: mouseVisible = True
17.5805 	EXP 	window1: recordFrameIntervals = False
17.7463 	EXP 	window1: recordFrameIntervals = True
17.9298 	EXP 	window1: recordFrameIntervals = False
21.7148 	EXP 	Created calib_instr_text = TextStim(__class__=<class 'psychopy.visual.text.TextStim'>, alignHoriz=method-wrapper(...), alignText='center', alignVert=method-wrapper(...), anchorHoriz='center', anchorVert='center', antialias=True, autoLog=True, bold=False, color=array([1., 1., 1.]), colorSpace='rgb', contrast=1.0, depth=0.0, flipHoriz=False, flipVert=False, font='Open Sans', fontFiles=[], height=0.07, italic=False, languageStyle='LTR', name='calib_instr_text', opacity=1, ori=0.0, pos=array([0., 0.]), rgb=UNKNOWN, text=str(...), units='norm', win=Window(...), wrapWidth=1)
21.7168 	EXP 	Created calib_text = TextStim(__class__=<class 'psychopy.visual.text.TextStim'>, alignHoriz=method-wrapper(...), alignText='center', alignVert=method-wrapper(...), anchorHoriz='center', anchorVert='center', antialias=True, autoLog=True, bold=False, color=array([1., 1., 1.]), colorSpace='rgb', contrast=1.0, depth=-1.0, flipHoriz=False, flipVert=False, font='Open Sans', fontFiles=[], height=0.1, italic=False, languageStyle='LTR', name='calib_text', opacity=1, ori=0.0, pos=array([0., 0.]), rgb=UNKNOWN, text='', units='norm', win=Window(...), wrapWidth=1)
21.7480 	EXP 	Created text = TextStim(__class__=<class 'psychopy.visual.text.TextStim'>, alignHoriz=method-wrapper(...), alignText='center', alignVert=method-wrapper(...), anchorHoriz='center', anchorVert='center', antialias=True, autoLog=True, bold=False, color=array([1., 1., 1.]), colorSpace='rgb', contrast=1.0, depth=0.0, flipHoriz=False, flipVert=False, font='Open Sans', fontFiles=[], height=0.07, italic=False, languageStyle='LTR', name='text', opacity=1, ori=0.0, pos=array([0., 0.]), rgb=UNKNOWN, text=str(...), units='norm', win=Window(...), wrapWidth=1)
21.7646 	EXP 	Created layout = ImageStim(__class__=<class 'psychopy.visual.image.ImageStim'>, autoLog=True, color=array([1., 1., 1.]), colorSpace='rgb', contrast=1.0, depth=-2.0, flipHoriz=False, flipVert=False, image='sin', interpolate=True, mask=None, maskParams=None, name='layout', opacity=1, ori=0.0, pos=array([0., 0.]), size=array([1920., 1080.]), texRes=128.0, units='pix', win=Window(...))
21.7903 	EXP 	Created closing_text = TextStim(__class__=<class 'psychopy.visual.text.TextStim'>, alignHoriz=method-wrapper(...), alignText='center', alignVert=method-wrapper(...), anchorHoriz='center', anchorVert='center', antialias=True, autoLog=True, bold=False, color=array([1., 1., 1.]), colorSpace='rgb', contrast=1.0, depth=0.0, flipHoriz=False, flipVert=False, font='Open Sans', fontFiles=[], height=0.07, italic=False, languageStyle='LTR', name='closing_text', opacity=1, ori=0.0, pos=array([0., 0.]), rgb=UNKNOWN, text=str(...), units='norm', win=Window(...), wrapWidth=1)
21.8130 	EXP 	calib_instr_text: autoDraw = True
29.6815 	EXP 	Created sequence: sequential, trialTypes=1, nReps=10, seed=None
29.6819 	EXP 	New trial (rep=0, index=0): None
29.6889 	EXP 	Created calibrationTarget = TargetStim(__class__=<class 'psychopy.visual.target.TargetStim'>, autoDraw=False, autoLog=True, closeShape=True, color=method-wrapper(...), colorSpace='rgb', contrast=None, depth=0, fillColor=array([0, 0, 0]), fillColorSpace='rgb', fillRGB=array([0, 0, 0]), interpolate=True, lineColor=array([-1., -1., -1.]), lineColorSpace='rgb', lineRGB=array([-1, -1, -1]), lineWidth=2.0, name='calibrationTarget', opacity=1.0, ori=0.0, pos=array([0., 0.]), size=array([0.02, 0.02]), units='norm', vertices=ndarray(...), win=Window(...), windingRule=None)
29.6936 	EXP 	Created calibrationTargetInner = ShapeStim(__class__=<class 'psychopy.visual.shape.ShapeStim'>, autoDraw=False, autoLog=True, closeShape=True, color=method-wrapper(...), colorSpace='rgb', contrast=None, depth=0, fillColor=array([-1.        ,  0.00392157, -1.        ]), fillColorSpace='rgb', fillRGB=array([-1.        ,  0.00392157, -1.        ]), interpolate=True, lineColor=array([-1., -1., -1.]), lineColorSpace='rgb', lineRGB=array([-1, -1, -1]), lineWidth=2.0, name='calibrationTargetInner', opacity=1.0, ori=0.0, pos=array([0., 0.]), size=array([0.007, 0.007]), units='norm', vertices=ndarray(...), win=Window(...), windingRule=None)
52.1471 	DATA 	Keypress: space
52.1533 	EXP 	calib_instr_text: autoDraw = False
52.1533 	EXP 	calibrationTarget: vertices = 'circle'
52.1533 	EXP 	calibrationTargetInner: vertices = 'circle'
52.1857 	EXP 	calib_text: text = 'Average error is: 20.450000\n\nValid points: 5\n\nRecalibrate (y/n)?'
52.1857 	EXP 	calib_text: autoDraw = True
60.2808 	EXP 	calib_text: autoDraw = False
60.2808 	EXP 	text: autoDraw = True
77.8819 	EXP 	Imported stim.csv as conditions, 12 conditions, 1 params
77.8823 	EXP 	Created sequence: random, trialTypes=12, nReps=1, seed=None
77.8825 	EXP 	New trial (rep=0, index=0): OrderedDict([('stim', './stimuli/layout9.jpg')])
77.9307 	WARNING 	Requested image './stimuli/layout9.jpg' not found but similar filename './stimuli/layout9.png' exists. This will be used instead but changing the filename is advised.
78.3694 	EXP 	text: autoDraw = False
78.3694 	EXP 	layout: image = './stimuli/layout9.jpg'
78.3694 	EXP 	layout: autoDraw = True
82.8716 	EXP 	New trial (rep=0, index=1): OrderedDict([('stim', './stimuli/layout1.png')])
83.4708 	EXP 	layout: autoDraw = False
83.4708 	EXP 	layout: image = './stimuli/layout1.png'
83.4708 	EXP 	layout: autoDraw = True
87.8702 	EXP 	New trial (rep=0, index=2): OrderedDict([('stim', './stimuli/layout4.png')])
88.2089 	EXP 	layout: autoDraw = False
88.2089 	EXP 	layout: image = './stimuli/layout4.png'
88.2089 	EXP 	layout: autoDraw = True
92.8685 	EXP 	New trial (rep=0, index=3): OrderedDict([('stim', './stimuli/layout11.jpg')])
93.0152 	WARNING 	Requested image './stimuli/layout11.jpg' not found but similar filename './stimuli/layout11.png' exists. This will be used instead but changing the filename is advised.
93.3374 	EXP 	layout: autoDraw = False
93.3374 	EXP 	layout: image = './stimuli/layout11.jpg'
93.3374 	EXP 	layout: autoDraw = True
97.8666 	EXP 	New trial (rep=0, index=4): OrderedDict([('stim', './stimuli/layout7.jpg')])
98.0453 	WARNING 	Requested image './stimuli/layout7.jpg' not found but similar filename './stimuli/layout7.png' exists. This will be used instead but changing the filename is advised.
98.4130 	EXP 	layout: autoDraw = False
98.4130 	EXP 	layout: image = './stimuli/layout7.jpg'
98.4130 	EXP 	layout: autoDraw = True
102.8715 	EXP 	New trial (rep=0, index=5): OrderedDict([('stim', './stimuli/layout12.jpg')])
102.8949 	WARNING 	Requested image './stimuli/layout12.jpg' not found but similar filename './stimuli/layout12.png' exists. This will be used instead but changing the filename is advised.
103.1126 	EXP 	layout: autoDraw = False
103.1126 	EXP 	layout: image = './stimuli/layout12.jpg'
103.1126 	EXP 	layout: autoDraw = True
107.8694 	EXP 	New trial (rep=0, index=6): OrderedDict([('stim', './stimuli/layout3.png')])
108.2089 	EXP 	layout: autoDraw = False
108.2089 	EXP 	layout: image = './stimuli/layout3.png'
108.2089 	EXP 	layout: autoDraw = True
113.8670 	EXP 	New trial (rep=0, index=7): OrderedDict([('stim', './stimuli/layout2.png')])
114.2800 	EXP 	layout: autoDraw = False
114.2800 	EXP 	layout: image = './stimuli/layout2.png'
114.2800 	EXP 	layout: autoDraw = True
117.8710 	EXP 	New trial (rep=0, index=8): OrderedDict([('stim', './stimuli/layout6.jpg')])
117.8887 	WARNING 	Requested image './stimuli/layout6.jpg' not found but similar filename './stimuli/layout6.png' exists. This will be used instead but changing the filename is advised.
118.3240 	EXP 	layout: autoDraw = False
118.3240 	EXP 	layout: image = './stimuli/layout6.jpg'
118.3240 	EXP 	layout: autoDraw = True
122.8719 	EXP 	New trial (rep=0, index=9): OrderedDict([('stim', './stimuli/layout10.jpg')])
122.9198 	WARNING 	Requested image './stimuli/layout10.jpg' not found but similar filename './stimuli/layout10.png' exists. This will be used instead but changing the filename is advised.
123.3421 	EXP 	layout: autoDraw = False
123.3421 	EXP 	layout: image = './stimuli/layout10.jpg'
123.3421 	EXP 	layout: autoDraw = True
127.8719 	EXP 	New trial (rep=0, index=10): OrderedDict([('stim', './stimuli/layout5.jpg')])
127.8868 	WARNING 	Requested image './stimuli/layout5.jpg' not found but similar filename './stimuli/layout5.png' exists. This will be used instead but changing the filename is advised.
128.2346 	EXP 	layout: autoDraw = False
128.2346 	EXP 	layout: image = './stimuli/layout5.jpg'
128.2346 	EXP 	layout: autoDraw = True
132.8724 	EXP 	New trial (rep=0, index=11): OrderedDict([('stim', './stimuli/layout8.jpg')])
132.9004 	WARNING 	Requested image './stimuli/layout8.jpg' not found but similar filename './stimuli/layout8.png' exists. This will be used instead but changing the filename is advised.
133.6052 	EXP 	layout: autoDraw = False
133.6052 	EXP 	layout: image = './stimuli/layout8.jpg'
133.6052 	EXP 	layout: autoDraw = True
137.8828 	EXP 	layout: autoDraw = False
137.8828 	EXP 	closing_text: autoDraw = True
146.5329 	EXP 	closing_text: autoDraw = False
146.6399 	EXP 	window1: mouseVisible = True
