2.5530 	WARNING 	We strongly recommend you activate the PTB sound engine in PsychoPy prefs as the preferred audio engine. Its timing is vastly superior. Your prefs are currently set to use ['sounddevice', 'PTB', 'pyo', 'pygame'] (in that order).
20.7992 	EXP 	Created window1 = Window(allowGUI=False, allowStencil=False, autoLog=True, backendConf=UNKNOWN, bitsMode=UNKNOWN, blendMode='avg', bpc=(8, 8, 8), color=array([0, 0, 0]), colorSpace='rgb', depthBits=8, fullscr=<method-wrapper '__getattribute__' of attributeSetter object at 0x000002DF0581E630>, gamma=None, gammaErrorPolicy='raise', lms=UNKNOWN, monitor=<psychopy.monitors.calibTools.Monitor object at 0x000002DF05979A20>, multiSample=False, name='window1', numSamples=2, pos=[0.0, 0.0], screen=0, size=array([1920, 1080]), stencilBits=0, stereo=False, units='norm', useFBO=True, useRetina=False, viewOri=0.0, viewPos=None, viewScale=None, waitBlanking=True, winType='pyglet')
20.7995 	EXP 	window1: mouseVisible = True
20.7995 	EXP 	window1: recordFrameIntervals = False
20.9655 	EXP 	window1: recordFrameIntervals = True
21.1490 	EXP 	window1: recordFrameIntervals = False
24.8343 	EXP 	Created calib_instr_text = TextStim(__class__=<class 'psychopy.visual.text.TextStim'>, alignHoriz=method-wrapper(...), alignText='center', alignVert=method-wrapper(...), anchorHoriz='center', anchorVert='center', antialias=True, autoLog=True, bold=False, color=array([1., 1., 1.]), colorSpace='rgb', contrast=1.0, depth=0.0, flipHoriz=False, flipVert=False, font='Open Sans', fontFiles=[], height=0.07, italic=False, languageStyle='LTR', name='calib_instr_text', opacity=1, ori=0.0, pos=array([0., 0.]), rgb=UNKNOWN, text=str(...), units='norm', win=Window(...), wrapWidth=1)
24.8365 	EXP 	Created calib_text = TextStim(__class__=<class 'psychopy.visual.text.TextStim'>, alignHoriz=method-wrapper(...), alignText='center', alignVert=method-wrapper(...), anchorHoriz='center', anchorVert='center', antialias=True, autoLog=True, bold=False, color=array([1., 1., 1.]), colorSpace='rgb', contrast=1.0, depth=-1.0, flipHoriz=False, flipVert=False, font='Open Sans', fontFiles=[], height=0.1, italic=False, languageStyle='LTR', name='calib_text', opacity=1, ori=0.0, pos=array([0., 0.]), rgb=UNKNOWN, text='', units='norm', win=Window(...), wrapWidth=1)
24.8700 	EXP 	Created text = TextStim(__class__=<class 'psychopy.visual.text.TextStim'>, alignHoriz=method-wrapper(...), alignText='center', alignVert=method-wrapper(...), anchorHoriz='center', anchorVert='center', antialias=True, autoLog=True, bold=False, color=array([1., 1., 1.]), colorSpace='rgb', contrast=1.0, depth=0.0, flipHoriz=False, flipVert=False, font='Open Sans', fontFiles=[], height=0.07, italic=False, languageStyle='LTR', name='text', opacity=1, ori=0.0, pos=array([0., 0.]), rgb=UNKNOWN, text=str(...), units='norm', win=Window(...), wrapWidth=1)
24.8858 	EXP 	Created layout = ImageStim(__class__=<class 'psychopy.visual.image.ImageStim'>, autoLog=True, color=array([1., 1., 1.]), colorSpace='rgb', contrast=1.0, depth=-2.0, flipHoriz=False, flipVert=False, image='sin', interpolate=True, mask=None, maskParams=None, name='layout', opacity=1, ori=0.0, pos=array([0., 0.]), size=array([1920., 1080.]), texRes=128.0, units='pix', win=Window(...))
24.8858 	EXP 	window1: mouseVisible = True
24.9096 	EXP 	Created closing_text = TextStim(__class__=<class 'psychopy.visual.text.TextStim'>, alignHoriz=method-wrapper(...), alignText='center', alignVert=method-wrapper(...), anchorHoriz='center', anchorVert='center', antialias=True, autoLog=True, bold=False, color=array([1., 1., 1.]), colorSpace='rgb', contrast=1.0, depth=0.0, flipHoriz=False, flipVert=False, font='Open Sans', fontFiles=[], height=0.07, italic=False, languageStyle='LTR', name='closing_text', opacity=1, ori=0.0, pos=array([0., 0.]), rgb=UNKNOWN, text=str(...), units='norm', win=Window(...), wrapWidth=1)
24.9322 	EXP 	calib_instr_text: autoDraw = True
32.8010 	EXP 	Created sequence: sequential, trialTypes=1, nReps=10, seed=None
32.8012 	EXP 	New trial (rep=0, index=0): None
32.8078 	EXP 	Created calibrationTarget = TargetStim(__class__=<class 'psychopy.visual.target.TargetStim'>, autoDraw=False, autoLog=True, closeShape=True, color=method-wrapper(...), colorSpace='rgb', contrast=None, depth=0, fillColor=array([0, 0, 0]), fillColorSpace='rgb', fillRGB=array([0, 0, 0]), interpolate=True, lineColor=array([-1., -1., -1.]), lineColorSpace='rgb', lineRGB=array([-1, -1, -1]), lineWidth=2.0, name='calibrationTarget', opacity=1.0, ori=0.0, pos=array([0., 0.]), size=array([0.02, 0.02]), units='norm', vertices=ndarray(...), win=Window(...), windingRule=None)
32.8126 	EXP 	Created calibrationTargetInner = ShapeStim(__class__=<class 'psychopy.visual.shape.ShapeStim'>, autoDraw=False, autoLog=True, closeShape=True, color=method-wrapper(...), colorSpace='rgb', contrast=None, depth=0, fillColor=array([-1.        ,  0.00392157, -1.        ]), fillColorSpace='rgb', fillRGB=array([-1.        ,  0.00392157, -1.        ]), interpolate=True, lineColor=array([-1., -1., -1.]), lineColorSpace='rgb', lineRGB=array([-1, -1, -1]), lineWidth=2.0, name='calibrationTargetInner', opacity=1.0, ori=0.0, pos=array([0., 0.]), size=array([0.007, 0.007]), units='norm', vertices=ndarray(...), win=Window(...), windingRule=None)
53.7156 	DATA 	Keypress: space
53.7257 	EXP 	calib_instr_text: autoDraw = False
53.7257 	EXP 	calibrationTarget: vertices = 'circle'
53.7257 	EXP 	calibrationTargetInner: vertices = 'circle'
53.7546 	EXP 	calib_text: text = 'Average error is: 12.760000\n\nValid points: 5\n\nRecalibrate (y/n)?'
53.7546 	EXP 	calib_text: autoDraw = True
62.4665 	EXP 	calib_text: autoDraw = False
62.4665 	EXP 	text: autoDraw = True
72.0535 	EXP 	Imported stim.csv as conditions, 12 conditions, 1 params
72.0550 	EXP 	Created sequence: random, trialTypes=12, nReps=1, seed=None
72.0553 	EXP 	New trial (rep=0, index=0): OrderedDict([('stim', './stimuli/layout1.png')])
72.7496 	EXP 	text: autoDraw = False
72.7496 	EXP 	layout: image = './stimuli/layout1.png'
72.7496 	EXP 	layout: autoDraw = True
77.7504 	EXP 	layout: autoDraw = False
78.0515 	EXP 	New trial (rep=0, index=1): OrderedDict([('stim', './stimuli/layout3.png')])
78.6118 	EXP 	layout: autoDraw = False
78.6118 	EXP 	layout: image = './stimuli/layout3.png'
78.6118 	EXP 	layout: autoDraw = True
83.6170 	EXP 	layout: autoDraw = False
84.0516 	EXP 	New trial (rep=0, index=2): OrderedDict([('stim', './stimuli/layout12.jpg')])
84.0690 	WARNING 	Requested image './stimuli/layout12.jpg' not found but similar filename './stimuli/layout12.png' exists. This will be used instead but changing the filename is advised.
84.5112 	EXP 	layout: autoDraw = False
84.5112 	EXP 	layout: image = './stimuli/layout12.jpg'
84.5112 	EXP 	layout: autoDraw = True
89.5173 	EXP 	layout: autoDraw = False
90.0517 	EXP 	New trial (rep=0, index=3): OrderedDict([('stim', './stimuli/layout2.png')])
90.5835 	EXP 	layout: autoDraw = False
90.5835 	EXP 	layout: image = './stimuli/layout2.png'
90.5835 	EXP 	layout: autoDraw = True
95.5839 	EXP 	layout: autoDraw = False
96.0356 	EXP 	New trial (rep=0, index=4): OrderedDict([('stim', './stimuli/layout8.jpg')])
96.0609 	WARNING 	Requested image './stimuli/layout8.jpg' not found but similar filename './stimuli/layout8.png' exists. This will be used instead but changing the filename is advised.
96.5419 	EXP 	layout: autoDraw = False
96.5419 	EXP 	layout: image = './stimuli/layout8.jpg'
96.5419 	EXP 	layout: autoDraw = True
101.5509 	EXP 	layout: autoDraw = False
102.0517 	EXP 	New trial (rep=0, index=5): OrderedDict([('stim', './stimuli/layout4.png')])
102.3365 	EXP 	layout: autoDraw = False
102.3365 	EXP 	layout: image = './stimuli/layout4.png'
102.3365 	EXP 	layout: autoDraw = True
107.3510 	EXP 	layout: autoDraw = False
108.0358 	EXP 	New trial (rep=0, index=6): OrderedDict([('stim', './stimuli/layout10.jpg')])
108.1927 	WARNING 	Requested image './stimuli/layout10.jpg' not found but similar filename './stimuli/layout10.png' exists. This will be used instead but changing the filename is advised.
108.7339 	EXP 	layout: autoDraw = False
108.7339 	EXP 	layout: image = './stimuli/layout10.jpg'
108.7339 	EXP 	layout: autoDraw = True
113.7344 	EXP 	layout: autoDraw = False
114.0353 	EXP 	New trial (rep=0, index=7): OrderedDict([('stim', './stimuli/layout6.jpg')])
114.0597 	WARNING 	Requested image './stimuli/layout6.jpg' not found but similar filename './stimuli/layout6.png' exists. This will be used instead but changing the filename is advised.
114.6464 	EXP 	layout: autoDraw = False
114.6464 	EXP 	layout: image = './stimuli/layout6.jpg'
114.6464 	EXP 	layout: autoDraw = True
119.6512 	EXP 	layout: autoDraw = False
120.0354 	EXP 	New trial (rep=0, index=8): OrderedDict([('stim', './stimuli/layout9.jpg')])
120.0623 	WARNING 	Requested image './stimuli/layout9.jpg' not found but similar filename './stimuli/layout9.png' exists. This will be used instead but changing the filename is advised.
120.5053 	EXP 	layout: autoDraw = False
120.5053 	EXP 	layout: image = './stimuli/layout9.jpg'
120.5053 	EXP 	layout: autoDraw = True
125.5182 	EXP 	layout: autoDraw = False
126.0361 	EXP 	New trial (rep=0, index=9): OrderedDict([('stim', './stimuli/layout7.jpg')])
126.1743 	WARNING 	Requested image './stimuli/layout7.jpg' not found but similar filename './stimuli/layout7.png' exists. This will be used instead but changing the filename is advised.
126.8219 	EXP 	layout: autoDraw = False
126.8219 	EXP 	layout: image = './stimuli/layout7.jpg'
126.8219 	EXP 	layout: autoDraw = True
131.8345 	EXP 	layout: autoDraw = False
132.0361 	EXP 	New trial (rep=0, index=10): OrderedDict([('stim', './stimuli/layout11.jpg')])
132.0655 	WARNING 	Requested image './stimuli/layout11.jpg' not found but similar filename './stimuli/layout11.png' exists. This will be used instead but changing the filename is advised.
132.4230 	EXP 	layout: autoDraw = False
132.4230 	EXP 	layout: image = './stimuli/layout11.jpg'
132.4230 	EXP 	layout: autoDraw = True
137.4350 	EXP 	layout: autoDraw = False
138.0362 	EXP 	New trial (rep=0, index=11): OrderedDict([('stim', './stimuli/layout5.jpg')])
138.1380 	WARNING 	Requested image './stimuli/layout5.jpg' not found but similar filename './stimuli/layout5.png' exists. This will be used instead but changing the filename is advised.
138.4420 	EXP 	layout: autoDraw = False
138.4420 	EXP 	layout: image = './stimuli/layout5.jpg'
138.4420 	EXP 	layout: autoDraw = True
143.4519 	EXP 	layout: autoDraw = False
144.0519 	EXP 	layout: autoDraw = False
144.0519 	EXP 	closing_text: autoDraw = True
151.3351 	EXP 	closing_text: autoDraw = False
151.4559 	EXP 	window1: mouseVisible = True
