2.4966 	WARNING 	We strongly recommend you activate the PTB sound engine in PsychoPy prefs as the preferred audio engine. Its timing is vastly superior. Your prefs are currently set to use ['sounddevice', 'PTB', 'pyo', 'pygame'] (in that order).
19.2748 	EXP 	Created window1 = Window(allowGUI=False, allowStencil=False, autoLog=True, backendConf=UNKNOWN, bitsMode=UNKNOWN, blendMode='avg', bpc=(8, 8, 8), color=array([0, 0, 0]), colorSpace='rgb', depthBits=8, fullscr=<method-wrapper '__getattribute__' of attributeSetter object at 0x0000015A601B17B8>, gamma=None, gammaErrorPolicy='raise', lms=UNKNOWN, monitor=<psychopy.monitors.calibTools.Monitor object at 0x0000015A60303C18>, multiSample=False, name='window1', numSamples=2, pos=[0.0, 0.0], screen=0, size=array([1920, 1080]), stencilBits=0, stereo=False, units='norm', useFBO=True, useRetina=False, viewOri=0.0, viewPos=None, viewScale=None, waitBlanking=True, winType='pyglet')
19.2752 	EXP 	window1: mouseVisible = True
19.2752 	EXP 	window1: recordFrameIntervals = False
19.4411 	EXP 	window1: recordFrameIntervals = True
19.6245 	EXP 	window1: recordFrameIntervals = False
23.2922 	EXP 	Created calib_instr_text = TextStim(__class__=<class 'psychopy.visual.text.TextStim'>, alignHoriz=method-wrapper(...), alignText='center', alignVert=method-wrapper(...), anchorHoriz='center', anchorVert='center', antialias=True, autoLog=True, bold=False, color=array([1., 1., 1.]), colorSpace='rgb', contrast=1.0, depth=0.0, flipHoriz=False, flipVert=False, font='Open Sans', fontFiles=[], height=0.07, italic=False, languageStyle='LTR', name='calib_instr_text', opacity=1, ori=0.0, pos=array([0., 0.]), rgb=UNKNOWN, text=str(...), units='norm', win=Window(...), wrapWidth=1)
23.2943 	EXP 	Created calib_text = TextStim(__class__=<class 'psychopy.visual.text.TextStim'>, alignHoriz=method-wrapper(...), alignText='center', alignVert=method-wrapper(...), anchorHoriz='center', anchorVert='center', antialias=True, autoLog=True, bold=False, color=array([1., 1., 1.]), colorSpace='rgb', contrast=1.0, depth=-1.0, flipHoriz=False, flipVert=False, font='Open Sans', fontFiles=[], height=0.1, italic=False, languageStyle='LTR', name='calib_text', opacity=1, ori=0.0, pos=array([0., 0.]), rgb=UNKNOWN, text='', units='norm', win=Window(...), wrapWidth=1)
23.3289 	EXP 	Created text = TextStim(__class__=<class 'psychopy.visual.text.TextStim'>, alignHoriz=method-wrapper(...), alignText='center', alignVert=method-wrapper(...), anchorHoriz='center', anchorVert='center', antialias=True, autoLog=True, bold=False, color=array([1., 1., 1.]), colorSpace='rgb', contrast=1.0, depth=0.0, flipHoriz=False, flipVert=False, font='Open Sans', fontFiles=[], height=0.07, italic=False, languageStyle='LTR', name='text', opacity=1, ori=0.0, pos=array([0., 0.]), rgb=UNKNOWN, text=str(...), units='norm', win=Window(...), wrapWidth=1)
23.3456 	EXP 	Created layout = ImageStim(__class__=<class 'psychopy.visual.image.ImageStim'>, autoLog=True, color=array([1., 1., 1.]), colorSpace='rgb', contrast=1.0, depth=-2.0, flipHoriz=False, flipVert=False, image='sin', interpolate=True, mask=None, maskParams=None, name='layout', opacity=1, ori=0.0, pos=array([0., 0.]), size=array([1920., 1080.]), texRes=128.0, units='pix', win=Window(...))
23.3457 	EXP 	window1: mouseVisible = True
23.3729 	EXP 	Created closing_text = TextStim(__class__=<class 'psychopy.visual.text.TextStim'>, alignHoriz=method-wrapper(...), alignText='center', alignVert=method-wrapper(...), anchorHoriz='center', anchorVert='center', antialias=True, autoLog=True, bold=False, color=array([1., 1., 1.]), colorSpace='rgb', contrast=1.0, depth=0.0, flipHoriz=False, flipVert=False, font='Open Sans', fontFiles=[], height=0.07, italic=False, languageStyle='LTR', name='closing_text', opacity=1, ori=0.0, pos=array([0., 0.]), rgb=UNKNOWN, text=str(...), units='norm', win=Window(...), wrapWidth=1)
23.3910 	EXP 	calib_instr_text: autoDraw = True
28.2263 	EXP 	Created sequence: sequential, trialTypes=1, nReps=10, seed=None
28.2265 	EXP 	New trial (rep=0, index=0): None
28.2334 	EXP 	Created calibrationTarget = TargetStim(__class__=<class 'psychopy.visual.target.TargetStim'>, autoDraw=False, autoLog=True, closeShape=True, color=method-wrapper(...), colorSpace='rgb', contrast=None, depth=0, fillColor=array([0, 0, 0]), fillColorSpace='rgb', fillRGB=array([0, 0, 0]), interpolate=True, lineColor=array([-1., -1., -1.]), lineColorSpace='rgb', lineRGB=array([-1, -1, -1]), lineWidth=2.0, name='calibrationTarget', opacity=1.0, ori=0.0, pos=array([0., 0.]), size=array([0.02, 0.02]), units='norm', vertices=ndarray(...), win=Window(...), windingRule=None)
28.2382 	EXP 	Created calibrationTargetInner = ShapeStim(__class__=<class 'psychopy.visual.shape.ShapeStim'>, autoDraw=False, autoLog=True, closeShape=True, color=method-wrapper(...), colorSpace='rgb', contrast=None, depth=0, fillColor=array([-1.        ,  0.00392157, -1.        ]), fillColorSpace='rgb', fillRGB=array([-1.        ,  0.00392157, -1.        ]), interpolate=True, lineColor=array([-1., -1., -1.]), lineColorSpace='rgb', lineRGB=array([-1, -1, -1]), lineWidth=2.0, name='calibrationTargetInner', opacity=1.0, ori=0.0, pos=array([0., 0.]), size=array([0.007, 0.007]), units='norm', vertices=ndarray(...), win=Window(...), windingRule=None)
47.0558 	DATA 	Keypress: space
47.0625 	EXP 	calib_instr_text: autoDraw = False
47.0625 	EXP 	calibrationTarget: vertices = 'circle'
47.0625 	EXP 	calibrationTargetInner: vertices = 'circle'
47.1928 	EXP 	calib_text: text = 'Average error is: 22.670000\n\nValid points: 5\n\nRecalibrate (y/n)?'
47.1928 	EXP 	calib_text: autoDraw = True
50.6960 	DATA 	Keypress: n
50.7082 	EXP 	calib_text: autoDraw = False
50.7082 	EXP 	text: autoDraw = True
65.2970 	EXP 	Imported stim.csv as conditions, 12 conditions, 1 params
65.2974 	EXP 	Created sequence: random, trialTypes=12, nReps=1, seed=None
65.2977 	EXP 	New trial (rep=0, index=0): OrderedDict([('stim', './stimuli/layout4.png')])
65.5202 	DATA 	Keypress: space
65.5426 	EXP 	text: autoDraw = False
65.5426 	EXP 	layout: image = './stimuli/layout4.png'
65.5426 	EXP 	layout: autoDraw = True
70.5420 	EXP 	layout: autoDraw = False
71.2930 	EXP 	New trial (rep=0, index=1): OrderedDict([('stim', './stimuli/layout7.jpg')])
71.3016 	WARNING 	Requested image './stimuli/layout7.jpg' not found but similar filename './stimuli/layout7.png' exists. This will be used instead but changing the filename is advised.
71.6920 	EXP 	layout: autoDraw = False
71.6920 	EXP 	layout: image = './stimuli/layout7.jpg'
71.6920 	EXP 	layout: autoDraw = True
76.6922 	EXP 	layout: autoDraw = False
77.2931 	EXP 	New trial (rep=0, index=2): OrderedDict([('stim', './stimuli/layout1.png')])
77.6422 	EXP 	layout: autoDraw = False
77.6422 	EXP 	layout: image = './stimuli/layout1.png'
77.6422 	EXP 	layout: autoDraw = True
82.6423 	EXP 	layout: autoDraw = False
83.2934 	EXP 	New trial (rep=0, index=3): OrderedDict([('stim', './stimuli/layout6.jpg')])
83.3016 	WARNING 	Requested image './stimuli/layout6.jpg' not found but similar filename './stimuli/layout6.png' exists. This will be used instead but changing the filename is advised.
83.6924 	EXP 	layout: autoDraw = False
83.6924 	EXP 	layout: image = './stimuli/layout6.jpg'
83.6924 	EXP 	layout: autoDraw = True
88.6924 	EXP 	layout: autoDraw = False
89.2936 	EXP 	New trial (rep=0, index=4): OrderedDict([('stim', './stimuli/layout9.jpg')])
89.3029 	WARNING 	Requested image './stimuli/layout9.jpg' not found but similar filename './stimuli/layout9.png' exists. This will be used instead but changing the filename is advised.
89.7424 	EXP 	layout: autoDraw = False
89.7424 	EXP 	layout: image = './stimuli/layout9.jpg'
89.7424 	EXP 	layout: autoDraw = True
95.7426 	EXP 	layout: autoDraw = False
95.7435 	EXP 	New trial (rep=0, index=5): OrderedDict([('stim', './stimuli/layout11.jpg')])
95.7512 	WARNING 	Requested image './stimuli/layout11.jpg' not found but similar filename './stimuli/layout11.png' exists. This will be used instead but changing the filename is advised.
96.1759 	EXP 	layout: autoDraw = False
96.1759 	EXP 	layout: image = './stimuli/layout11.jpg'
96.1759 	EXP 	layout: autoDraw = True
101.1761 	EXP 	layout: autoDraw = False
101.2936 	EXP 	New trial (rep=0, index=6): OrderedDict([('stim', './stimuli/layout10.jpg')])
101.3014 	WARNING 	Requested image './stimuli/layout10.jpg' not found but similar filename './stimuli/layout10.png' exists. This will be used instead but changing the filename is advised.
101.5927 	EXP 	layout: autoDraw = False
101.5927 	EXP 	layout: image = './stimuli/layout10.jpg'
101.5927 	EXP 	layout: autoDraw = True
106.5928 	EXP 	layout: autoDraw = False
107.2937 	EXP 	New trial (rep=0, index=7): OrderedDict([('stim', './stimuli/layout3.png')])
107.6596 	EXP 	layout: autoDraw = False
107.6596 	EXP 	layout: image = './stimuli/layout3.png'
107.6596 	EXP 	layout: autoDraw = True
112.6597 	EXP 	layout: autoDraw = False
113.2940 	EXP 	New trial (rep=0, index=8): OrderedDict([('stim', './stimuli/layout2.png')])
113.5265 	EXP 	layout: autoDraw = False
113.5265 	EXP 	layout: image = './stimuli/layout2.png'
113.5265 	EXP 	layout: autoDraw = True
118.5265 	EXP 	layout: autoDraw = False
119.2940 	EXP 	New trial (rep=0, index=9): OrderedDict([('stim', './stimuli/layout8.jpg')])
119.3179 	WARNING 	Requested image './stimuli/layout8.jpg' not found but similar filename './stimuli/layout8.png' exists. This will be used instead but changing the filename is advised.
119.4765 	EXP 	layout: autoDraw = False
119.4765 	EXP 	layout: image = './stimuli/layout8.jpg'
119.4765 	EXP 	layout: autoDraw = True
125.4767 	EXP 	layout: autoDraw = False
125.4776 	EXP 	New trial (rep=0, index=10): OrderedDict([('stim', './stimuli/layout5.jpg')])
125.4873 	WARNING 	Requested image './stimuli/layout5.jpg' not found but similar filename './stimuli/layout5.png' exists. This will be used instead but changing the filename is advised.
125.8434 	EXP 	layout: autoDraw = False
125.8434 	EXP 	layout: image = './stimuli/layout5.jpg'
125.8434 	EXP 	layout: autoDraw = True
130.8434 	EXP 	layout: autoDraw = False
131.2778 	EXP 	New trial (rep=0, index=11): OrderedDict([('stim', './stimuli/layout12.jpg')])
131.3038 	WARNING 	Requested image './stimuli/layout12.jpg' not found but similar filename './stimuli/layout12.png' exists. This will be used instead but changing the filename is advised.
131.7768 	EXP 	layout: autoDraw = False
131.7768 	EXP 	layout: image = './stimuli/layout12.jpg'
131.7768 	EXP 	layout: autoDraw = True
136.7769 	EXP 	layout: autoDraw = False
137.2936 	EXP 	layout: autoDraw = False
137.2936 	EXP 	closing_text: autoDraw = True
150.4959 	DATA 	Keypress: space
150.5107 	EXP 	closing_text: autoDraw = False
150.7391 	EXP 	window1: mouseVisible = True
