2.4082 	WARNING 	We strongly recommend you activate the PTB sound engine in PsychoPy prefs as the preferred audio engine. Its timing is vastly superior. Your prefs are currently set to use ['sounddevice', 'PTB', 'pyo', 'pygame'] (in that order).
14.4828 	EXP 	Created window1 = Window(allowGUI=False, allowStencil=False, autoLog=True, backendConf=UNKNOWN, bitsMode=UNKNOWN, blendMode='avg', bpc=(8, 8, 8), color=array([0, 0, 0]), colorSpace='rgb', depthBits=8, fullscr=<method-wrapper '__getattribute__' of attributeSetter object at 0x0000015D73563400>, gamma=None, gammaErrorPolicy='raise', lms=UNKNOWN, monitor=<psychopy.monitors.calibTools.Monitor object at 0x0000015D735EA940>, multiSample=False, name='window1', numSamples=2, pos=[0.0, 0.0], screen=0, size=array([1920, 1080]), stencilBits=0, stereo=False, units='norm', useFBO=True, useRetina=False, viewOri=0.0, viewPos=None, viewScale=None, waitBlanking=True, winType='pyglet')
14.4837 	EXP 	window1: mouseVisible = True
14.4837 	EXP 	window1: recordFrameIntervals = False
14.6490 	EXP 	window1: recordFrameIntervals = True
14.8326 	EXP 	window1: recordFrameIntervals = False
18.0596 	EXP 	Created calib_instr_text = TextStim(__class__=<class 'psychopy.visual.text.TextStim'>, alignHoriz=method-wrapper(...), alignText='center', alignVert=method-wrapper(...), anchorHoriz='center', anchorVert='center', antialias=True, autoLog=True, bold=False, color=array([1., 1., 1.]), colorSpace='rgb', contrast=1.0, depth=0.0, flipHoriz=False, flipVert=False, font='Open Sans', fontFiles=[], height=0.1, italic=False, languageStyle='LTR', name='calib_instr_text', opacity=1, ori=0.0, pos=array([0., 0.]), rgb=UNKNOWN, text=str(...), units='norm', win=Window(...), wrapWidth=1)
18.0612 	EXP 	Created calib_text = TextStim(__class__=<class 'psychopy.visual.text.TextStim'>, alignHoriz=method-wrapper(...), alignText='center', alignVert=method-wrapper(...), anchorHoriz='center', anchorVert='center', antialias=True, autoLog=True, bold=False, color=array([1., 1., 1.]), colorSpace='rgb', contrast=1.0, depth=-1.0, flipHoriz=False, flipVert=False, font='Open Sans', fontFiles=[], height=0.1, italic=False, languageStyle='LTR', name='calib_text', opacity=1, ori=0.0, pos=array([0., 0.]), rgb=UNKNOWN, text='', units='norm', win=Window(...), wrapWidth=1)
18.0680 	EXP 	Created TopLeft = ImageStim(__class__=<class 'psychopy.visual.image.ImageStim'>, autoLog=True, color=array([1., 1., 1.]), colorSpace='rgb', contrast=1.0, depth=-1.0, flipHoriz=False, flipVert=False, image='sin', interpolate=True, mask=None, maskParams=None, name='TopLeft', opacity=1, ori=0.0, pos=array([0.33, 0.33]), size=array([0.5, 0.5]), texRes=128.0, units='norm', win=Window(...))
18.0731 	EXP 	Created TopRight = ImageStim(__class__=<class 'psychopy.visual.image.ImageStim'>, autoLog=True, color=array([1., 1., 1.]), colorSpace='rgb', contrast=1.0, depth=-2.0, flipHoriz=False, flipVert=False, image='sin', interpolate=True, mask=None, maskParams=None, name='TopRight', opacity=1, ori=0.0, pos=array([0.66, 0.33]), size=array([0.5, 0.5]), texRes=128.0, units='norm', win=Window(...))
18.0833 	EXP 	Created Bottom = ImageStim(__class__=<class 'psychopy.visual.image.ImageStim'>, autoLog=True, color=array([1., 1., 1.]), colorSpace='rgb', contrast=1.0, depth=-3.0, flipHoriz=False, flipVert=False, image='sin', interpolate=True, mask=None, maskParams=None, name='Bottom', opacity=1, ori=0.0, pos=array([0.5 , 0.66]), size=array([0.5, 0.5]), texRes=128.0, units='norm', win=Window(...))
18.0991 	EXP 	calib_instr_text: autoDraw = True
19.0338 	EXP 	Created sequence: sequential, trialTypes=1, nReps=0, seed=None
19.0449 	EXP 	Imported stim.csv as conditions, 6 conditions, 1 params
19.0452 	EXP 	Created sequence: random, trialTypes=6, nReps=2, seed=None
19.0454 	EXP 	New trial (rep=0, index=0): OrderedDict([('stim', './stimuli/nacho_chips.png')])
19.3701 	DATA 	Keypress: space
19.3828 	EXP 	calib_instr_text: autoDraw = False
19.3828 	EXP 	TopLeft: image = 'stimuli/fruit_cup.png'
19.3828 	EXP 	TopRight: image = 'stimuli/distractions/shoppingcart.jpg'
19.3828 	EXP 	Bottom: image = 'stimuli/potato_chips.png'
19.3828 	EXP 	TopLeft: autoDraw = True
19.3828 	EXP 	TopRight: autoDraw = True
19.3828 	EXP 	Bottom: autoDraw = True
29.3829 	EXP 	TopLeft: autoDraw = False
32.6860 	DATA 	Keypress: escape
32.9306 	EXP 	window1: mouseVisible = True
