2.4131 	WARNING 	We strongly recommend you activate the PTB sound engine in PsychoPy prefs as the preferred audio engine. Its timing is vastly superior. Your prefs are currently set to use ['sounddevice', 'PTB', 'pyo', 'pygame'] (in that order).
10.7045 	EXP 	Created window1 = Window(allowGUI=False, allowStencil=False, autoLog=True, backendConf=UNKNOWN, bitsMode=UNKNOWN, blendMode='avg', bpc=(8, 8, 8), color=array([0, 0, 0]), colorSpace='rgb', depthBits=8, fullscr=<method-wrapper '__getattribute__' of attributeSetter object at 0x0000021E894833C8>, gamma=None, gammaErrorPolicy='raise', lms=UNKNOWN, monitor=<psychopy.monitors.calibTools.Monitor object at 0x0000021E8964A828>, multiSample=False, name='window1', numSamples=2, pos=[0.0, 0.0], screen=0, size=array([1920, 1080]), stencilBits=0, stereo=False, units='norm', useFBO=True, useRetina=False, viewOri=0.0, viewPos=None, viewScale=None, waitBlanking=True, winType='pyglet')
10.7049 	EXP 	window1: mouseVisible = True
10.7050 	EXP 	window1: recordFrameIntervals = False
10.8704 	EXP 	window1: recordFrameIntervals = True
11.0539 	EXP 	window1: recordFrameIntervals = False
14.2680 	EXP 	Created calib_instr_text = TextStim(__class__=<class 'psychopy.visual.text.TextStim'>, alignHoriz=method-wrapper(...), alignText='center', alignVert=method-wrapper(...), anchorHoriz='center', anchorVert='center', antialias=True, autoLog=True, bold=False, color=array([1., 1., 1.]), colorSpace='rgb', contrast=1.0, depth=0.0, flipHoriz=False, flipVert=False, font='Open Sans', fontFiles=[], height=0.1, italic=False, languageStyle='LTR', name='calib_instr_text', opacity=1, ori=0.0, pos=array([0., 0.]), rgb=UNKNOWN, text=str(...), units='norm', win=Window(...), wrapWidth=1)
14.2694 	EXP 	Created calib_text = TextStim(__class__=<class 'psychopy.visual.text.TextStim'>, alignHoriz=method-wrapper(...), alignText='center', alignVert=method-wrapper(...), anchorHoriz='center', anchorVert='center', antialias=True, autoLog=True, bold=False, color=array([1., 1., 1.]), colorSpace='rgb', contrast=1.0, depth=-1.0, flipHoriz=False, flipVert=False, font='Open Sans', fontFiles=[], height=0.1, italic=False, languageStyle='LTR', name='calib_text', opacity=1, ori=0.0, pos=array([0., 0.]), rgb=UNKNOWN, text='', units='norm', win=Window(...), wrapWidth=1)
14.2776 	EXP 	Created TopLeft = ImageStim(__class__=<class 'psychopy.visual.image.ImageStim'>, autoLog=True, color=array([1., 1., 1.]), colorSpace='rgb', contrast=1.0, depth=-1.0, flipHoriz=False, flipVert=False, image='sin', interpolate=True, mask=None, maskParams=None, name='TopLeft', opacity=1, ori=0.0, pos=array([640.,   0.]), size=array([0.5, 0.5]), texRes=128.0, units='pix', win=Window(...))
14.2829 	EXP 	Created TopRight = ImageStim(__class__=<class 'psychopy.visual.image.ImageStim'>, autoLog=True, color=array([1., 1., 1.]), colorSpace='rgb', contrast=1.0, depth=-2.0, flipHoriz=False, flipVert=False, image='sin', interpolate=True, mask=None, maskParams=None, name='TopRight', opacity=1, ori=0.0, pos=array([1280.,    0.]), size=array([0.5, 0.5]), texRes=128.0, units='pix', win=Window(...))
14.2943 	EXP 	Created Bottom = ImageStim(__class__=<class 'psychopy.visual.image.ImageStim'>, autoLog=True, color=array([1., 1., 1.]), colorSpace='rgb', contrast=1.0, depth=-3.0, flipHoriz=False, flipVert=False, image='sin', interpolate=True, mask=None, maskParams=None, name='Bottom', opacity=1, ori=0.0, pos=array([960., 540.]), size=array([0.5, 0.5]), texRes=128.0, units='norm', win=Window(...))
14.3039 	EXP 	calib_instr_text: autoDraw = True
14.7724 	EXP 	Created sequence: sequential, trialTypes=1, nReps=0, seed=None
14.7839 	EXP 	Imported stim.csv as conditions, 6 conditions, 1 params
14.7843 	EXP 	Created sequence: random, trialTypes=6, nReps=2, seed=None
14.7845 	EXP 	New trial (rep=0, index=0): OrderedDict([('stim', './stimuli/distractions/shoppingcard.jpg')])
15.1214 	DATA 	Keypress: space
15.1378 	EXP 	calib_instr_text: autoDraw = False
15.1378 	EXP 	TopLeft: image = 'stimuli/distractions/shoppingcart.jpg'
15.1378 	EXP 	TopRight: image = 'stimuli/fruit_cup.png'
15.1378 	EXP 	Bottom: image = 'stimuli/potato_chips.png'
15.1378 	EXP 	TopLeft: autoDraw = True
15.1378 	EXP 	TopRight: autoDraw = True
15.1378 	EXP 	Bottom: autoDraw = True
18.0387 	DATA 	Keypress: escape
18.2977 	EXP 	window1: mouseVisible = True
