2.3717 	WARNING 	We strongly recommend you activate the PTB sound engine in PsychoPy prefs as the preferred audio engine. Its timing is vastly superior. Your prefs are currently set to use ['sounddevice', 'PTB', 'pyo', 'pygame'] (in that order).
11.0707 	EXP 	Created window1 = Window(allowGUI=False, allowStencil=False, autoLog=True, backendConf=UNKNOWN, bitsMode=UNKNOWN, blendMode='avg', bpc=(8, 8, 8), color=array([0, 0, 0]), colorSpace='rgb', depthBits=8, fullscr=<method-wrapper '__getattribute__' of attributeSetter object at 0x00000235D0792358>, gamma=None, gammaErrorPolicy='raise', lms=UNKNOWN, monitor=<psychopy.monitors.calibTools.Monitor object at 0x00000235D09567B8>, multiSample=False, name='window1', numSamples=2, pos=[0.0, 0.0], screen=0, size=array([1920, 1080]), stencilBits=0, stereo=False, units='norm', useFBO=True, useRetina=False, viewOri=0.0, viewPos=None, viewScale=None, waitBlanking=True, winType='pyglet')
11.0712 	EXP 	window1: mouseVisible = True
11.0712 	EXP 	window1: recordFrameIntervals = False
11.2370 	EXP 	window1: recordFrameIntervals = True
11.4206 	EXP 	window1: recordFrameIntervals = False
14.6354 	EXP 	Created calib_instr_text = TextStim(__class__=<class 'psychopy.visual.text.TextStim'>, alignHoriz=method-wrapper(...), alignText='center', alignVert=method-wrapper(...), anchorHoriz='center', anchorVert='center', antialias=True, autoLog=True, bold=False, color=array([1., 1., 1.]), colorSpace='rgb', contrast=1.0, depth=0.0, flipHoriz=False, flipVert=False, font='Open Sans', fontFiles=[], height=0.1, italic=False, languageStyle='LTR', name='calib_instr_text', opacity=1, ori=0.0, pos=array([0., 0.]), rgb=UNKNOWN, text=str(...), units='norm', win=Window(...), wrapWidth=1)
14.6368 	EXP 	Created calib_text = TextStim(__class__=<class 'psychopy.visual.text.TextStim'>, alignHoriz=method-wrapper(...), alignText='center', alignVert=method-wrapper(...), anchorHoriz='center', anchorVert='center', antialias=True, autoLog=True, bold=False, color=array([1., 1., 1.]), colorSpace='rgb', contrast=1.0, depth=-1.0, flipHoriz=False, flipVert=False, font='Open Sans', fontFiles=[], height=0.1, italic=False, languageStyle='LTR', name='calib_text', opacity=1, ori=0.0, pos=array([0., 0.]), rgb=UNKNOWN, text='', units='norm', win=Window(...), wrapWidth=1)
14.6448 	EXP 	Created TopLeft = ImageStim(__class__=<class 'psychopy.visual.image.ImageStim'>, autoLog=True, color=array([1., 1., 1.]), colorSpace='rgb', contrast=1.0, depth=-1.0, flipHoriz=False, flipVert=False, image='sin', interpolate=True, mask=None, maskParams=None, name='TopLeft', opacity=1, ori=0.0, pos=array([0.33, 0.33]), size=array([0.5, 0.5]), texRes=128.0, units='norm', win=Window(...))
14.6494 	EXP 	Created TopRight = ImageStim(__class__=<class 'psychopy.visual.image.ImageStim'>, autoLog=True, color=array([1., 1., 1.]), colorSpace='rgb', contrast=1.0, depth=-2.0, flipHoriz=False, flipVert=False, image='sin', interpolate=True, mask=None, maskParams=None, name='TopRight', opacity=1, ori=0.0, pos=array([0.66, 0.33]), size=array([0.5, 0.5]), texRes=128.0, units='norm', win=Window(...))
14.6588 	EXP 	Created Bottom = ImageStim(__class__=<class 'psychopy.visual.image.ImageStim'>, autoLog=True, color=array([1., 1., 1.]), colorSpace='rgb', contrast=1.0, depth=-3.0, flipHoriz=False, flipVert=False, image='sin', interpolate=True, mask=None, maskParams=None, name='Bottom', opacity=1, ori=0.0, pos=array([0.5 , 0.66]), size=array([0.5, 0.5]), texRes=128.0, units='norm', win=Window(...))
14.6705 	EXP 	calib_instr_text: autoDraw = True
15.5727 	EXP 	Created sequence: sequential, trialTypes=1, nReps=0, seed=None
15.5855 	EXP 	Imported stim.csv as conditions, 6 conditions, 1 params
15.5858 	EXP 	Created sequence: random, trialTypes=6, nReps=2, seed=None
15.5861 	EXP 	New trial (rep=0, index=0): OrderedDict([('stim', './stimuli/fruit_cup.png')])
16.0164 	DATA 	Keypress: space
16.0372 	EXP 	calib_instr_text: autoDraw = False
16.0372 	EXP 	TopLeft: image = 'stimuli/potato_chips.png'
16.0372 	EXP 	TopRight: image = 'stimuli/fruit_cup.png'
16.0372 	EXP 	Bottom: image = 'stimuli/distractions/shoppingcart.jpg'
16.0372 	EXP 	TopLeft: autoDraw = True
16.0372 	EXP 	TopRight: autoDraw = True
16.0372 	EXP 	Bottom: autoDraw = True
27.0375 	EXP 	TopLeft: autoDraw = False
47.2235 	DATA 	Keypress: escape
47.4664 	EXP 	window1: mouseVisible = True
